{"D:\\wordSpace\\GooUp1\\gooup1\\GD3\\homeworks\\config\\verifyToken.js": {"path":"D:\\wordSpace\\GooUp1\\gooup1\\GD3\\homeworks\\config\\verifyToken.js","statementMap":{"0":{"start":{"line":2,"column":12},"end":{"line":2,"column":35}},"1":{"start":{"line":4,"column":20},"end":{"line":23,"column":1}},"2":{"start":{"line":5,"column":20},"end":{"line":5,"column":48}},"3":{"start":{"line":7,"column":2},"end":{"line":11,"column":3}},"4":{"start":{"line":8,"column":4},"end":{"line":8,"column":62}},"5":{"start":{"line":10,"column":4},"end":{"line":10,"column":36}},"6":{"start":{"line":13,"column":2},"end":{"line":22,"column":3}},"7":{"start":{"line":14,"column":20},"end":{"line":14,"column":61}},"8":{"start":{"line":17,"column":4},"end":{"line":17,"column":23}},"9":{"start":{"line":19,"column":4},"end":{"line":19,"column":11}},"10":{"start":{"line":21,"column":4},"end":{"line":21,"column":62}},"11":{"start":{"line":25,"column":0},"end":{"line":25,"column":29}}},"fnMap":{"0":{"name":"(anonymous_0)","decl":{"start":{"line":4,"column":20},"end":{"line":4,"column":21}},"loc":{"start":{"line":4,"column":40},"end":{"line":23,"column":1}},"line":4}},"branchMap":{"0":{"loc":{"start":{"line":7,"column":2},"end":{"line":11,"column":3}},"type":"if","locations":[{"start":{"line":7,"column":2},"end":{"line":11,"column":3}},{"start":{"line":9,"column":9},"end":{"line":11,"column":3}}],"line":7}},"s":{"0":1,"1":1,"2":0,"3":0,"4":0,"5":0,"6":0,"7":0,"8":0,"9":0,"10":0,"11":1},"f":{"0":0},"b":{"0":[0,0]},"_coverageSchema":"1a1c01bbd47fc00a2c39e90264f33305004495a9","hash":"474678b83deb69a5f2ceb11abe6a5fd2c8e02f37"}
,"D:\\wordSpace\\GooUp1\\gooup1\\GD3\\homeworks\\controllers\\authController.js": {"path":"D:\\wordSpace\\GooUp1\\gooup1\\GD3\\homeworks\\controllers\\authController.js","statementMap":{"0":{"start":{"line":1,"column":13},"end":{"line":1,"column":43}},"1":{"start":{"line":2,"column":17},"end":{"line":2,"column":36}},"2":{"start":{"line":3,"column":12},"end":{"line":3,"column":35}},"3":{"start":{"line":5,"column":0},"end":{"line":26,"column":2}},"4":{"start":{"line":7,"column":53},"end":{"line":7,"column":61}},"5":{"start":{"line":8,"column":16},"end":{"line":8,"column":33}},"6":{"start":{"line":11,"column":2},"end":{"line":25,"column":5}},"7":{"start":{"line":12,"column":4},"end":{"line":24,"column":5}},"8":{"start":{"line":13,"column":6},"end":{"line":17,"column":9}},"9":{"start":{"line":19,"column":6},"end":{"line":23,"column":9}},"10":{"start":{"line":29,"column":0},"end":{"line":55,"column":2}},"11":{"start":{"line":31,"column":30},"end":{"line":31,"column":38}},"12":{"start":{"line":34,"column":2},"end":{"line":54,"column":5}},"13":{"start":{"line":35,"column":4},"end":{"line":53,"column":5}},"14":{"start":{"line":36,"column":6},"end":{"line":40,"column":9}},"15":{"start":{"line":41,"column":11},"end":{"line":53,"column":5}},"16":{"start":{"line":42,"column":6},"end":{"line":46,"column":9}},"17":{"start":{"line":48,"column":6},"end":{"line":52,"column":9}},"18":{"start":{"line":56,"column":0},"end":{"line":82,"column":2}},"19":{"start":{"line":58,"column":30},"end":{"line":58,"column":38}},"20":{"start":{"line":61,"column":2},"end":{"line":81,"column":15}},"21":{"start":{"line":62,"column":4},"end":{"line":80,"column":5}},"22":{"start":{"line":63,"column":6},"end":{"line":67,"column":9}},"23":{"start":{"line":68,"column":11},"end":{"line":80,"column":5}},"24":{"start":{"line":69,"column":6},"end":{"line":73,"column":9}},"25":{"start":{"line":75,"column":6},"end":{"line":79,"column":9}},"26":{"start":{"line":86,"column":0},"end":{"line":102,"column":2}},"27":{"start":{"line":87,"column":20},"end":{"line":87,"column":48}},"28":{"start":{"line":88,"column":16},"end":{"line":88,"column":39}},"29":{"start":{"line":89,"column":2},"end":{"line":91,"column":3}},"30":{"start":{"line":90,"column":4},"end":{"line":90,"column":68}},"31":{"start":{"line":93,"column":2},"end":{"line":100,"column":5}},"32":{"start":{"line":94,"column":4},"end":{"line":96,"column":5}},"33":{"start":{"line":95,"column":6},"end":{"line":95,"column":64}},"34":{"start":{"line":99,"column":4},"end":{"line":99,"column":11}}},"fnMap":{"0":{"name":"(anonymous_0)","decl":{"start":{"line":5,"column":19},"end":{"line":5,"column":20}},"loc":{"start":{"line":5,"column":33},"end":{"line":26,"column":1}},"line":5},"1":{"name":"(anonymous_1)","decl":{"start":{"line":11,"column":67},"end":{"line":11,"column":68}},"loc":{"start":{"line":11,"column":86},"end":{"line":25,"column":3}},"line":11},"2":{"name":"(anonymous_2)","decl":{"start":{"line":29,"column":16},"end":{"line":29,"column":17}},"loc":{"start":{"line":29,"column":30},"end":{"line":55,"column":1}},"line":29},"3":{"name":"(anonymous_3)","decl":{"start":{"line":34,"column":34},"end":{"line":34,"column":35}},"loc":{"start":{"line":34,"column":53},"end":{"line":54,"column":3}},"line":34},"4":{"name":"(anonymous_4)","decl":{"start":{"line":56,"column":24},"end":{"line":56,"column":25}},"loc":{"start":{"line":56,"column":38},"end":{"line":82,"column":1}},"line":56},"5":{"name":"(anonymous_5)","decl":{"start":{"line":61,"column":53},"end":{"line":61,"column":54}},"loc":{"start":{"line":61,"column":72},"end":{"line":81,"column":3}},"line":61},"6":{"name":"(anonymous_6)","decl":{"start":{"line":86,"column":22},"end":{"line":86,"column":23}},"loc":{"start":{"line":86,"column":42},"end":{"line":102,"column":1}},"line":86},"7":{"name":"(anonymous_7)","decl":{"start":{"line":93,"column":44},"end":{"line":93,"column":45}},"loc":{"start":{"line":93,"column":62},"end":{"line":100,"column":3}},"line":93}},"branchMap":{"0":{"loc":{"start":{"line":12,"column":4},"end":{"line":24,"column":5}},"type":"if","locations":[{"start":{"line":12,"column":4},"end":{"line":24,"column":5}},{"start":{"line":18,"column":11},"end":{"line":24,"column":5}}],"line":12},"1":{"loc":{"start":{"line":35,"column":4},"end":{"line":53,"column":5}},"type":"if","locations":[{"start":{"line":35,"column":4},"end":{"line":53,"column":5}},{"start":{"line":41,"column":11},"end":{"line":53,"column":5}}],"line":35},"2":{"loc":{"start":{"line":41,"column":11},"end":{"line":53,"column":5}},"type":"if","locations":[{"start":{"line":41,"column":11},"end":{"line":53,"column":5}},{"start":{"line":47,"column":11},"end":{"line":53,"column":5}}],"line":41},"3":{"loc":{"start":{"line":62,"column":4},"end":{"line":80,"column":5}},"type":"if","locations":[{"start":{"line":62,"column":4},"end":{"line":80,"column":5}},{"start":{"line":68,"column":11},"end":{"line":80,"column":5}}],"line":62},"4":{"loc":{"start":{"line":68,"column":11},"end":{"line":80,"column":5}},"type":"if","locations":[{"start":{"line":68,"column":11},"end":{"line":80,"column":5}},{"start":{"line":74,"column":11},"end":{"line":80,"column":5}}],"line":68},"5":{"loc":{"start":{"line":89,"column":2},"end":{"line":91,"column":3}},"type":"if","locations":[{"start":{"line":89,"column":2},"end":{"line":91,"column":3}},{"start":{},"end":{}}],"line":89},"6":{"loc":{"start":{"line":94,"column":4},"end":{"line":96,"column":5}},"type":"if","locations":[{"start":{"line":94,"column":4},"end":{"line":96,"column":5}},{"start":{},"end":{}}],"line":94}},"s":{"0":1,"1":1,"2":1,"3":1,"4":0,"5":0,"6":0,"7":0,"8":0,"9":0,"10":1,"11":0,"12":0,"13":0,"14":0,"15":0,"16":0,"17":0,"18":1,"19":0,"20":0,"21":0,"22":0,"23":0,"24":0,"25":0,"26":1,"27":0,"28":0,"29":0,"30":0,"31":0,"32":0,"33":0,"34":0},"f":{"0":0,"1":0,"2":0,"3":0,"4":0,"5":0,"6":0,"7":0},"b":{"0":[0,0],"1":[0,0],"2":[0,0],"3":[0,0],"4":[0,0],"5":[0,0],"6":[0,0]},"_coverageSchema":"1a1c01bbd47fc00a2c39e90264f33305004495a9","hash":"146e1ca6c8e6b0019e58c646915438ae8704f6bc"}
,"D:\\wordSpace\\GooUp1\\gooup1\\GD3\\homeworks\\controllers\\emailController.js": {"path":"D:\\wordSpace\\GooUp1\\gooup1\\GD3\\homeworks\\controllers\\emailController.js","statementMap":{"0":{"start":{"line":1,"column":18},"end":{"line":1,"column":50}},"1":{"start":{"line":4,"column":0},"end":{"line":23,"column":2}},"2":{"start":{"line":5,"column":4},"end":{"line":20,"column":5}},"3":{"start":{"line":7,"column":4},"end":{"line":13,"column":5}},"4":{"start":{"line":8,"column":25},"end":{"line":8,"column":63}},"5":{"start":{"line":9,"column":8},"end":{"line":12,"column":11}},"6":{"start":{"line":14,"column":4},"end":{"line":17,"column":6}},"7":{"start":{"line":19,"column":8},"end":{"line":19,"column":27}}},"fnMap":{"0":{"name":"(anonymous_0)","decl":{"start":{"line":4,"column":20},"end":{"line":4,"column":21}},"loc":{"start":{"line":4,"column":45},"end":{"line":23,"column":1}},"line":4}},"branchMap":{"0":{"loc":{"start":{"line":7,"column":4},"end":{"line":13,"column":5}},"type":"if","locations":[{"start":{"line":7,"column":4},"end":{"line":13,"column":5}},{"start":{},"end":{}}],"line":7}},"s":{"0":1,"1":1,"2":0,"3":0,"4":0,"5":0,"6":0,"7":0},"f":{"0":0},"b":{"0":[0,0]},"_coverageSchema":"1a1c01bbd47fc00a2c39e90264f33305004495a9","hash":"f986ae15ce77623d1a356fbee7520cf2d973503d"}
,"D:\\wordSpace\\GooUp1\\gooup1\\GD3\\homeworks\\controllers\\userController.js": {"path":"D:\\wordSpace\\GooUp1\\gooup1\\GD3\\homeworks\\controllers\\userController.js","statementMap":{"0":{"start":{"line":1,"column":13},"end":{"line":1,"column":43}},"1":{"start":{"line":2,"column":19},"end":{"line":2,"column":60}},"2":{"start":{"line":3,"column":12},"end":{"line":3,"column":35}},"3":{"start":{"line":4,"column":18},"end":{"line":4,"column":59}},"4":{"start":{"line":9,"column":0},"end":{"line":36,"column":2}},"5":{"start":{"line":10,"column":2},"end":{"line":35,"column":5}},"6":{"start":{"line":11,"column":4},"end":{"line":34,"column":5}},"7":{"start":{"line":12,"column":6},"end":{"line":17,"column":9}},"8":{"start":{"line":19,"column":6},"end":{"line":33,"column":7}},"9":{"start":{"line":20,"column":8},"end":{"line":25,"column":11}},"10":{"start":{"line":27,"column":8},"end":{"line":32,"column":11}},"11":{"start":{"line":37,"column":0},"end":{"line":66,"column":2}},"12":{"start":{"line":38,"column":18},"end":{"line":38,"column":31}},"13":{"start":{"line":40,"column":2},"end":{"line":65,"column":5}},"14":{"start":{"line":41,"column":4},"end":{"line":64,"column":5}},"15":{"start":{"line":42,"column":6},"end":{"line":47,"column":9}},"16":{"start":{"line":49,"column":6},"end":{"line":63,"column":7}},"17":{"start":{"line":50,"column":8},"end":{"line":55,"column":11}},"18":{"start":{"line":57,"column":8},"end":{"line":62,"column":11}},"19":{"start":{"line":67,"column":0},"end":{"line":108,"column":2}},"20":{"start":{"line":68,"column":18},"end":{"line":68,"column":31}},"21":{"start":{"line":69,"column":63},"end":{"line":69,"column":71}},"22":{"start":{"line":71,"column":17},"end":{"line":71,"column":67}},"23":{"start":{"line":73,"column":2},"end":{"line":107,"column":5}},"24":{"start":{"line":74,"column":4},"end":{"line":106,"column":5}},"25":{"start":{"line":75,"column":6},"end":{"line":80,"column":9}},"26":{"start":{"line":82,"column":6},"end":{"line":105,"column":7}},"27":{"start":{"line":83,"column":8},"end":{"line":88,"column":11}},"28":{"start":{"line":90,"column":8},"end":{"line":104,"column":9}},"29":{"start":{"line":91,"column":10},"end":{"line":96,"column":13}},"30":{"start":{"line":98,"column":10},"end":{"line":103,"column":13}},"31":{"start":{"line":109,"column":0},"end":{"line":139,"column":2}},"32":{"start":{"line":110,"column":18},"end":{"line":110,"column":31}},"33":{"start":{"line":112,"column":2},"end":{"line":138,"column":5}},"34":{"start":{"line":113,"column":4},"end":{"line":137,"column":5}},"35":{"start":{"line":114,"column":6},"end":{"line":119,"column":9}},"36":{"start":{"line":122,"column":6},"end":{"line":136,"column":7}},"37":{"start":{"line":123,"column":8},"end":{"line":128,"column":11}},"38":{"start":{"line":130,"column":8},"end":{"line":135,"column":11}},"39":{"start":{"line":141,"column":0},"end":{"line":168,"column":2}},"40":{"start":{"line":142,"column":2},"end":{"line":167,"column":5}},"41":{"start":{"line":143,"column":4},"end":{"line":166,"column":5}},"42":{"start":{"line":144,"column":6},"end":{"line":149,"column":9}},"43":{"start":{"line":151,"column":6},"end":{"line":165,"column":7}},"44":{"start":{"line":152,"column":8},"end":{"line":157,"column":11}},"45":{"start":{"line":159,"column":8},"end":{"line":164,"column":11}},"46":{"start":{"line":170,"column":0},"end":{"line":198,"column":2}},"47":{"start":{"line":171,"column":17},"end":{"line":171,"column":30}},"48":{"start":{"line":172,"column":2},"end":{"line":197,"column":5}},"49":{"start":{"line":173,"column":4},"end":{"line":196,"column":5}},"50":{"start":{"line":174,"column":6},"end":{"line":179,"column":9}},"51":{"start":{"line":181,"column":6},"end":{"line":195,"column":7}},"52":{"start":{"line":182,"column":8},"end":{"line":187,"column":11}},"53":{"start":{"line":189,"column":8},"end":{"line":194,"column":11}},"54":{"start":{"line":200,"column":0},"end":{"line":234,"column":2}},"55":{"start":{"line":201,"column":18},"end":{"line":201,"column":31}},"56":{"start":{"line":202,"column":48},"end":{"line":202,"column":56}},"57":{"start":{"line":204,"column":17},"end":{"line":204,"column":52}},"58":{"start":{"line":206,"column":2},"end":{"line":233,"column":5}},"59":{"start":{"line":207,"column":4},"end":{"line":232,"column":5}},"60":{"start":{"line":208,"column":6},"end":{"line":213,"column":9}},"61":{"start":{"line":215,"column":6},"end":{"line":215,"column":26}},"62":{"start":{"line":216,"column":6},"end":{"line":231,"column":7}},"63":{"start":{"line":217,"column":8},"end":{"line":222,"column":11}},"64":{"start":{"line":225,"column":8},"end":{"line":230,"column":11}},"65":{"start":{"line":236,"column":0},"end":{"line":263,"column":2}},"66":{"start":{"line":237,"column":2},"end":{"line":262,"column":5}},"67":{"start":{"line":238,"column":4},"end":{"line":261,"column":5}},"68":{"start":{"line":239,"column":6},"end":{"line":244,"column":9}},"69":{"start":{"line":246,"column":6},"end":{"line":260,"column":7}},"70":{"start":{"line":247,"column":8},"end":{"line":252,"column":11}},"71":{"start":{"line":254,"column":8},"end":{"line":259,"column":11}},"72":{"start":{"line":264,"column":0},"end":{"line":286,"column":2}},"73":{"start":{"line":266,"column":62},"end":{"line":266,"column":70}},"74":{"start":{"line":267,"column":19},"end":{"line":267,"column":84}},"75":{"start":{"line":268,"column":2},"end":{"line":268,"column":23}},"76":{"start":{"line":271,"column":2},"end":{"line":285,"column":5}},"77":{"start":{"line":272,"column":4},"end":{"line":284,"column":5}},"78":{"start":{"line":273,"column":6},"end":{"line":277,"column":9}},"79":{"start":{"line":279,"column":6},"end":{"line":283,"column":9}},"80":{"start":{"line":287,"column":0},"end":{"line":315,"column":2}},"81":{"start":{"line":288,"column":17},"end":{"line":288,"column":30}},"82":{"start":{"line":289,"column":2},"end":{"line":314,"column":5}},"83":{"start":{"line":290,"column":4},"end":{"line":313,"column":5}},"84":{"start":{"line":291,"column":6},"end":{"line":296,"column":9}},"85":{"start":{"line":298,"column":6},"end":{"line":312,"column":7}},"86":{"start":{"line":299,"column":8},"end":{"line":304,"column":11}},"87":{"start":{"line":306,"column":8},"end":{"line":311,"column":11}},"88":{"start":{"line":316,"column":0},"end":{"line":346,"column":2}},"89":{"start":{"line":317,"column":17},"end":{"line":317,"column":30}},"90":{"start":{"line":318,"column":20},"end":{"line":318,"column":48}},"91":{"start":{"line":319,"column":2},"end":{"line":319,"column":34}},"92":{"start":{"line":320,"column":18},"end":{"line":320,"column":59}},"93":{"start":{"line":324,"column":18},"end":{"line":324,"column":41}},"94":{"start":{"line":325,"column":2},"end":{"line":325,"column":23}},"95":{"start":{"line":327,"column":19},"end":{"line":327,"column":74}},"96":{"start":{"line":328,"column":2},"end":{"line":328,"column":23}},"97":{"start":{"line":331,"column":2},"end":{"line":345,"column":5}},"98":{"start":{"line":332,"column":4},"end":{"line":344,"column":5}},"99":{"start":{"line":333,"column":6},"end":{"line":337,"column":9}},"100":{"start":{"line":339,"column":6},"end":{"line":343,"column":9}},"101":{"start":{"line":347,"column":0},"end":{"line":376,"column":2}},"102":{"start":{"line":348,"column":17},"end":{"line":348,"column":30}},"103":{"start":{"line":350,"column":2},"end":{"line":375,"column":5}},"104":{"start":{"line":351,"column":4},"end":{"line":374,"column":5}},"105":{"start":{"line":352,"column":6},"end":{"line":357,"column":9}},"106":{"start":{"line":359,"column":6},"end":{"line":373,"column":7}},"107":{"start":{"line":360,"column":8},"end":{"line":365,"column":11}},"108":{"start":{"line":367,"column":8},"end":{"line":372,"column":11}},"109":{"start":{"line":378,"column":0},"end":{"line":406,"column":2}},"110":{"start":{"line":379,"column":17},"end":{"line":379,"column":30}},"111":{"start":{"line":380,"column":2},"end":{"line":405,"column":5}},"112":{"start":{"line":381,"column":4},"end":{"line":404,"column":5}},"113":{"start":{"line":382,"column":6},"end":{"line":387,"column":9}},"114":{"start":{"line":389,"column":6},"end":{"line":403,"column":7}},"115":{"start":{"line":390,"column":8},"end":{"line":395,"column":11}},"116":{"start":{"line":397,"column":8},"end":{"line":402,"column":11}},"117":{"start":{"line":408,"column":0},"end":{"line":436,"column":2}},"118":{"start":{"line":409,"column":17},"end":{"line":409,"column":30}},"119":{"start":{"line":410,"column":2},"end":{"line":435,"column":5}},"120":{"start":{"line":411,"column":4},"end":{"line":434,"column":5}},"121":{"start":{"line":412,"column":6},"end":{"line":417,"column":9}},"122":{"start":{"line":419,"column":6},"end":{"line":433,"column":7}},"123":{"start":{"line":420,"column":8},"end":{"line":425,"column":11}},"124":{"start":{"line":427,"column":8},"end":{"line":432,"column":11}},"125":{"start":{"line":438,"column":0},"end":{"line":465,"column":1}},"126":{"start":{"line":439,"column":2},"end":{"line":464,"column":4}},"127":{"start":{"line":440,"column":4},"end":{"line":463,"column":5}},"128":{"start":{"line":441,"column":6},"end":{"line":446,"column":9}},"129":{"start":{"line":448,"column":6},"end":{"line":462,"column":7}},"130":{"start":{"line":449,"column":8},"end":{"line":454,"column":11}},"131":{"start":{"line":456,"column":8},"end":{"line":461,"column":11}},"132":{"start":{"line":466,"column":0},"end":{"line":501,"column":2}},"133":{"start":{"line":468,"column":30},"end":{"line":468,"column":38}},"134":{"start":{"line":471,"column":2},"end":{"line":500,"column":5}},"135":{"start":{"line":472,"column":4},"end":{"line":499,"column":5}},"136":{"start":{"line":473,"column":6},"end":{"line":477,"column":9}},"137":{"start":{"line":478,"column":11},"end":{"line":499,"column":5}},"138":{"start":{"line":479,"column":6},"end":{"line":483,"column":9}},"139":{"start":{"line":485,"column":6},"end":{"line":497,"column":7}},"140":{"start":{"line":486,"column":8},"end":{"line":490,"column":11}},"141":{"start":{"line":492,"column":8},"end":{"line":496,"column":11}},"142":{"start":{"line":502,"column":0},"end":{"line":532,"column":2}},"143":{"start":{"line":504,"column":52},"end":{"line":504,"column":60}},"144":{"start":{"line":505,"column":15},"end":{"line":505,"column":81}},"145":{"start":{"line":509,"column":2},"end":{"line":531,"column":5}},"146":{"start":{"line":510,"column":4},"end":{"line":530,"column":7}},"147":{"start":{"line":511,"column":6},"end":{"line":515,"column":9}},"148":{"start":{"line":517,"column":6},"end":{"line":530,"column":7}},"149":{"start":{"line":518,"column":8},"end":{"line":522,"column":11}},"150":{"start":{"line":525,"column":8},"end":{"line":529,"column":11}}},"fnMap":{"0":{"name":"(anonymous_0)","decl":{"start":{"line":9,"column":22},"end":{"line":9,"column":23}},"loc":{"start":{"line":9,"column":36},"end":{"line":36,"column":1}},"line":9},"1":{"name":"(anonymous_1)","decl":{"start":{"line":10,"column":19},"end":{"line":10,"column":20}},"loc":{"start":{"line":10,"column":39},"end":{"line":35,"column":3}},"line":10},"2":{"name":"(anonymous_2)","decl":{"start":{"line":37,"column":19},"end":{"line":37,"column":20}},"loc":{"start":{"line":37,"column":33},"end":{"line":66,"column":1}},"line":37},"3":{"name":"(anonymous_3)","decl":{"start":{"line":40,"column":25},"end":{"line":40,"column":26}},"loc":{"start":{"line":40,"column":45},"end":{"line":65,"column":3}},"line":40},"4":{"name":"(anonymous_4)","decl":{"start":{"line":67,"column":22},"end":{"line":67,"column":23}},"loc":{"start":{"line":67,"column":36},"end":{"line":108,"column":1}},"line":67},"5":{"name":"(anonymous_5)","decl":{"start":{"line":73,"column":36},"end":{"line":73,"column":37}},"loc":{"start":{"line":73,"column":56},"end":{"line":107,"column":3}},"line":73},"6":{"name":"(anonymous_6)","decl":{"start":{"line":109,"column":22},"end":{"line":109,"column":23}},"loc":{"start":{"line":109,"column":36},"end":{"line":139,"column":1}},"line":109},"7":{"name":"(anonymous_7)","decl":{"start":{"line":112,"column":28},"end":{"line":112,"column":29}},"loc":{"start":{"line":112,"column":48},"end":{"line":138,"column":3}},"line":112},"8":{"name":"(anonymous_8)","decl":{"start":{"line":141,"column":22},"end":{"line":141,"column":23}},"loc":{"start":{"line":141,"column":36},"end":{"line":168,"column":1}},"line":141},"9":{"name":"(anonymous_9)","decl":{"start":{"line":142,"column":19},"end":{"line":142,"column":20}},"loc":{"start":{"line":142,"column":39},"end":{"line":167,"column":3}},"line":142},"10":{"name":"(anonymous_10)","decl":{"start":{"line":170,"column":19},"end":{"line":170,"column":20}},"loc":{"start":{"line":170,"column":33},"end":{"line":198,"column":1}},"line":170},"11":{"name":"(anonymous_11)","decl":{"start":{"line":172,"column":24},"end":{"line":172,"column":25}},"loc":{"start":{"line":172,"column":44},"end":{"line":197,"column":3}},"line":172},"12":{"name":"(anonymous_12)","decl":{"start":{"line":200,"column":22},"end":{"line":200,"column":23}},"loc":{"start":{"line":200,"column":36},"end":{"line":234,"column":1}},"line":200},"13":{"name":"(anonymous_13)","decl":{"start":{"line":206,"column":36},"end":{"line":206,"column":37}},"loc":{"start":{"line":206,"column":56},"end":{"line":233,"column":3}},"line":206},"14":{"name":"(anonymous_14)","decl":{"start":{"line":236,"column":21},"end":{"line":236,"column":22}},"loc":{"start":{"line":236,"column":35},"end":{"line":263,"column":1}},"line":236},"15":{"name":"(anonymous_15)","decl":{"start":{"line":237,"column":18},"end":{"line":237,"column":19}},"loc":{"start":{"line":237,"column":38},"end":{"line":262,"column":3}},"line":237},"16":{"name":"(anonymous_16)","decl":{"start":{"line":264,"column":18},"end":{"line":264,"column":19}},"loc":{"start":{"line":264,"column":32},"end":{"line":286,"column":1}},"line":264},"17":{"name":"(anonymous_17)","decl":{"start":{"line":271,"column":25},"end":{"line":271,"column":26}},"loc":{"start":{"line":271,"column":44},"end":{"line":285,"column":3}},"line":271},"18":{"name":"(anonymous_18)","decl":{"start":{"line":287,"column":22},"end":{"line":287,"column":23}},"loc":{"start":{"line":287,"column":36},"end":{"line":315,"column":1}},"line":287},"19":{"name":"(anonymous_19)","decl":{"start":{"line":289,"column":25},"end":{"line":289,"column":26}},"loc":{"start":{"line":289,"column":45},"end":{"line":314,"column":3}},"line":289},"20":{"name":"(anonymous_20)","decl":{"start":{"line":316,"column":19},"end":{"line":316,"column":20}},"loc":{"start":{"line":316,"column":33},"end":{"line":346,"column":1}},"line":316},"21":{"name":"(anonymous_21)","decl":{"start":{"line":331,"column":26},"end":{"line":331,"column":27}},"loc":{"start":{"line":331,"column":45},"end":{"line":345,"column":3}},"line":331},"22":{"name":"(anonymous_22)","decl":{"start":{"line":347,"column":18},"end":{"line":347,"column":19}},"loc":{"start":{"line":347,"column":32},"end":{"line":376,"column":1}},"line":347},"23":{"name":"(anonymous_23)","decl":{"start":{"line":350,"column":23},"end":{"line":350,"column":24}},"loc":{"start":{"line":350,"column":43},"end":{"line":375,"column":3}},"line":350},"24":{"name":"(anonymous_24)","decl":{"start":{"line":378,"column":28},"end":{"line":378,"column":29}},"loc":{"start":{"line":378,"column":42},"end":{"line":406,"column":1}},"line":378},"25":{"name":"(anonymous_25)","decl":{"start":{"line":380,"column":33},"end":{"line":380,"column":34}},"loc":{"start":{"line":380,"column":53},"end":{"line":405,"column":3}},"line":380},"26":{"name":"(anonymous_26)","decl":{"start":{"line":408,"column":25},"end":{"line":408,"column":26}},"loc":{"start":{"line":408,"column":39},"end":{"line":436,"column":1}},"line":408},"27":{"name":"(anonymous_27)","decl":{"start":{"line":410,"column":30},"end":{"line":410,"column":31}},"loc":{"start":{"line":410,"column":50},"end":{"line":435,"column":3}},"line":410},"28":{"name":"(anonymous_28)","decl":{"start":{"line":438,"column":25},"end":{"line":438,"column":26}},"loc":{"start":{"line":438,"column":39},"end":{"line":465,"column":1}},"line":438},"29":{"name":"(anonymous_29)","decl":{"start":{"line":439,"column":22},"end":{"line":439,"column":23}},"loc":{"start":{"line":439,"column":42},"end":{"line":464,"column":3}},"line":439},"30":{"name":"(anonymous_30)","decl":{"start":{"line":466,"column":16},"end":{"line":466,"column":17}},"loc":{"start":{"line":466,"column":30},"end":{"line":501,"column":1}},"line":466},"31":{"name":"(anonymous_31)","decl":{"start":{"line":471,"column":34},"end":{"line":471,"column":35}},"loc":{"start":{"line":471,"column":53},"end":{"line":500,"column":3}},"line":471},"32":{"name":"(anonymous_32)","decl":{"start":{"line":502,"column":19},"end":{"line":502,"column":20}},"loc":{"start":{"line":502,"column":33},"end":{"line":532,"column":1}},"line":502},"33":{"name":"(anonymous_33)","decl":{"start":{"line":509,"column":22},"end":{"line":509,"column":23}},"loc":{"start":{"line":509,"column":41},"end":{"line":531,"column":3}},"line":509}},"branchMap":{"0":{"loc":{"start":{"line":11,"column":4},"end":{"line":34,"column":5}},"type":"if","locations":[{"start":{"line":11,"column":4},"end":{"line":34,"column":5}},{"start":{"line":18,"column":11},"end":{"line":34,"column":5}}],"line":11},"1":{"loc":{"start":{"line":19,"column":6},"end":{"line":33,"column":7}},"type":"if","locations":[{"start":{"line":19,"column":6},"end":{"line":33,"column":7}},{"start":{"line":26,"column":13},"end":{"line":33,"column":7}}],"line":19},"2":{"loc":{"start":{"line":41,"column":4},"end":{"line":64,"column":5}},"type":"if","locations":[{"start":{"line":41,"column":4},"end":{"line":64,"column":5}},{"start":{"line":48,"column":11},"end":{"line":64,"column":5}}],"line":41},"3":{"loc":{"start":{"line":49,"column":6},"end":{"line":63,"column":7}},"type":"if","locations":[{"start":{"line":49,"column":6},"end":{"line":63,"column":7}},{"start":{"line":56,"column":13},"end":{"line":63,"column":7}}],"line":49},"4":{"loc":{"start":{"line":74,"column":4},"end":{"line":106,"column":5}},"type":"if","locations":[{"start":{"line":74,"column":4},"end":{"line":106,"column":5}},{"start":{"line":81,"column":11},"end":{"line":106,"column":5}}],"line":74},"5":{"loc":{"start":{"line":82,"column":6},"end":{"line":105,"column":7}},"type":"if","locations":[{"start":{"line":82,"column":6},"end":{"line":105,"column":7}},{"start":{"line":89,"column":13},"end":{"line":105,"column":7}}],"line":82},"6":{"loc":{"start":{"line":90,"column":8},"end":{"line":104,"column":9}},"type":"if","locations":[{"start":{"line":90,"column":8},"end":{"line":104,"column":9}},{"start":{"line":97,"column":15},"end":{"line":104,"column":9}}],"line":90},"7":{"loc":{"start":{"line":113,"column":4},"end":{"line":137,"column":5}},"type":"if","locations":[{"start":{"line":113,"column":4},"end":{"line":137,"column":5}},{"start":{"line":120,"column":11},"end":{"line":137,"column":5}}],"line":113},"8":{"loc":{"start":{"line":122,"column":6},"end":{"line":136,"column":7}},"type":"if","locations":[{"start":{"line":122,"column":6},"end":{"line":136,"column":7}},{"start":{"line":129,"column":13},"end":{"line":136,"column":7}}],"line":122},"9":{"loc":{"start":{"line":143,"column":4},"end":{"line":166,"column":5}},"type":"if","locations":[{"start":{"line":143,"column":4},"end":{"line":166,"column":5}},{"start":{"line":150,"column":11},"end":{"line":166,"column":5}}],"line":143},"10":{"loc":{"start":{"line":151,"column":6},"end":{"line":165,"column":7}},"type":"if","locations":[{"start":{"line":151,"column":6},"end":{"line":165,"column":7}},{"start":{"line":158,"column":13},"end":{"line":165,"column":7}}],"line":151},"11":{"loc":{"start":{"line":173,"column":4},"end":{"line":196,"column":5}},"type":"if","locations":[{"start":{"line":173,"column":4},"end":{"line":196,"column":5}},{"start":{"line":180,"column":11},"end":{"line":196,"column":5}}],"line":173},"12":{"loc":{"start":{"line":181,"column":6},"end":{"line":195,"column":7}},"type":"if","locations":[{"start":{"line":181,"column":6},"end":{"line":195,"column":7}},{"start":{"line":188,"column":13},"end":{"line":195,"column":7}}],"line":181},"13":{"loc":{"start":{"line":207,"column":4},"end":{"line":232,"column":5}},"type":"if","locations":[{"start":{"line":207,"column":4},"end":{"line":232,"column":5}},{"start":{"line":214,"column":11},"end":{"line":232,"column":5}}],"line":207},"14":{"loc":{"start":{"line":216,"column":6},"end":{"line":231,"column":7}},"type":"if","locations":[{"start":{"line":216,"column":6},"end":{"line":231,"column":7}},{"start":{"line":224,"column":13},"end":{"line":231,"column":7}}],"line":216},"15":{"loc":{"start":{"line":238,"column":4},"end":{"line":261,"column":5}},"type":"if","locations":[{"start":{"line":238,"column":4},"end":{"line":261,"column":5}},{"start":{"line":245,"column":11},"end":{"line":261,"column":5}}],"line":238},"16":{"loc":{"start":{"line":246,"column":6},"end":{"line":260,"column":7}},"type":"if","locations":[{"start":{"line":246,"column":6},"end":{"line":260,"column":7}},{"start":{"line":253,"column":13},"end":{"line":260,"column":7}}],"line":246},"17":{"loc":{"start":{"line":272,"column":4},"end":{"line":284,"column":5}},"type":"if","locations":[{"start":{"line":272,"column":4},"end":{"line":284,"column":5}},{"start":{"line":278,"column":11},"end":{"line":284,"column":5}}],"line":272},"18":{"loc":{"start":{"line":290,"column":4},"end":{"line":313,"column":5}},"type":"if","locations":[{"start":{"line":290,"column":4},"end":{"line":313,"column":5}},{"start":{"line":297,"column":11},"end":{"line":313,"column":5}}],"line":290},"19":{"loc":{"start":{"line":298,"column":6},"end":{"line":312,"column":7}},"type":"if","locations":[{"start":{"line":298,"column":6},"end":{"line":312,"column":7}},{"start":{"line":305,"column":13},"end":{"line":312,"column":7}}],"line":298},"20":{"loc":{"start":{"line":332,"column":4},"end":{"line":344,"column":5}},"type":"if","locations":[{"start":{"line":332,"column":4},"end":{"line":344,"column":5}},{"start":{"line":338,"column":11},"end":{"line":344,"column":5}}],"line":332},"21":{"loc":{"start":{"line":351,"column":4},"end":{"line":374,"column":5}},"type":"if","locations":[{"start":{"line":351,"column":4},"end":{"line":374,"column":5}},{"start":{"line":358,"column":11},"end":{"line":374,"column":5}}],"line":351},"22":{"loc":{"start":{"line":359,"column":6},"end":{"line":373,"column":7}},"type":"if","locations":[{"start":{"line":359,"column":6},"end":{"line":373,"column":7}},{"start":{"line":366,"column":13},"end":{"line":373,"column":7}}],"line":359},"23":{"loc":{"start":{"line":381,"column":4},"end":{"line":404,"column":5}},"type":"if","locations":[{"start":{"line":381,"column":4},"end":{"line":404,"column":5}},{"start":{"line":388,"column":11},"end":{"line":404,"column":5}}],"line":381},"24":{"loc":{"start":{"line":389,"column":6},"end":{"line":403,"column":7}},"type":"if","locations":[{"start":{"line":389,"column":6},"end":{"line":403,"column":7}},{"start":{"line":396,"column":13},"end":{"line":403,"column":7}}],"line":389},"25":{"loc":{"start":{"line":411,"column":4},"end":{"line":434,"column":5}},"type":"if","locations":[{"start":{"line":411,"column":4},"end":{"line":434,"column":5}},{"start":{"line":418,"column":11},"end":{"line":434,"column":5}}],"line":411},"26":{"loc":{"start":{"line":419,"column":6},"end":{"line":433,"column":7}},"type":"if","locations":[{"start":{"line":419,"column":6},"end":{"line":433,"column":7}},{"start":{"line":426,"column":13},"end":{"line":433,"column":7}}],"line":419},"27":{"loc":{"start":{"line":440,"column":4},"end":{"line":463,"column":5}},"type":"if","locations":[{"start":{"line":440,"column":4},"end":{"line":463,"column":5}},{"start":{"line":447,"column":11},"end":{"line":463,"column":5}}],"line":440},"28":{"loc":{"start":{"line":448,"column":6},"end":{"line":462,"column":7}},"type":"if","locations":[{"start":{"line":448,"column":6},"end":{"line":462,"column":7}},{"start":{"line":455,"column":13},"end":{"line":462,"column":7}}],"line":448},"29":{"loc":{"start":{"line":472,"column":4},"end":{"line":499,"column":5}},"type":"if","locations":[{"start":{"line":472,"column":4},"end":{"line":499,"column":5}},{"start":{"line":478,"column":11},"end":{"line":499,"column":5}}],"line":472},"30":{"loc":{"start":{"line":478,"column":11},"end":{"line":499,"column":5}},"type":"if","locations":[{"start":{"line":478,"column":11},"end":{"line":499,"column":5}},{"start":{"line":484,"column":11},"end":{"line":499,"column":5}}],"line":478},"31":{"loc":{"start":{"line":485,"column":6},"end":{"line":497,"column":7}},"type":"if","locations":[{"start":{"line":485,"column":6},"end":{"line":497,"column":7}},{"start":{"line":491,"column":13},"end":{"line":497,"column":7}}],"line":485},"32":{"loc":{"start":{"line":510,"column":4},"end":{"line":530,"column":7}},"type":"if","locations":[{"start":{"line":510,"column":4},"end":{"line":530,"column":7}},{"start":{"line":517,"column":6},"end":{"line":530,"column":7}}],"line":510},"33":{"loc":{"start":{"line":517,"column":6},"end":{"line":530,"column":7}},"type":"if","locations":[{"start":{"line":517,"column":6},"end":{"line":530,"column":7}},{"start":{"line":523,"column":13},"end":{"line":530,"column":7}}],"line":517}},"s":{"0":1,"1":1,"2":1,"3":1,"4":1,"5":3,"6":3,"7":0,"8":3,"9":0,"10":3,"11":1,"12":0,"13":0,"14":0,"15":0,"16":0,"17":0,"18":0,"19":1,"20":0,"21":0,"22":0,"23":0,"24":0,"25":0,"26":0,"27":0,"28":0,"29":0,"30":0,"31":1,"32":0,"33":0,"34":0,"35":0,"36":0,"37":0,"38":0,"39":1,"40":1,"41":1,"42":0,"43":1,"44":0,"45":1,"46":1,"47":2,"48":2,"49":2,"50":0,"51":2,"52":1,"53":1,"54":1,"55":0,"56":0,"57":0,"58":0,"59":0,"60":0,"61":0,"62":0,"63":0,"64":0,"65":1,"66":1,"67":1,"68":0,"69":1,"70":0,"71":1,"72":1,"73":0,"74":0,"75":0,"76":0,"77":0,"78":0,"79":0,"80":1,"81":0,"82":0,"83":0,"84":0,"85":0,"86":0,"87":0,"88":1,"89":0,"90":0,"91":0,"92":0,"93":0,"94":0,"95":0,"96":0,"97":0,"98":0,"99":0,"100":0,"101":1,"102":2,"103":2,"104":2,"105":0,"106":2,"107":1,"108":1,"109":1,"110":2,"111":2,"112":2,"113":0,"114":2,"115":1,"116":1,"117":1,"118":2,"119":2,"120":2,"121":0,"122":2,"123":1,"124":1,"125":1,"126":1,"127":1,"128":0,"129":1,"130":0,"131":1,"132":1,"133":5,"134":5,"135":5,"136":0,"137":5,"138":1,"139":4,"140":3,"141":1,"142":1,"143":0,"144":0,"145":0,"146":0,"147":0,"148":0,"149":0,"150":0},"f":{"0":3,"1":3,"2":0,"3":0,"4":0,"5":0,"6":0,"7":0,"8":1,"9":1,"10":2,"11":2,"12":0,"13":0,"14":1,"15":1,"16":0,"17":0,"18":0,"19":0,"20":0,"21":0,"22":2,"23":2,"24":2,"25":2,"26":2,"27":2,"28":1,"29":1,"30":5,"31":5,"32":0,"33":0},"b":{"0":[0,3],"1":[0,3],"2":[0,0],"3":[0,0],"4":[0,0],"5":[0,0],"6":[0,0],"7":[0,0],"8":[0,0],"9":[0,1],"10":[0,1],"11":[0,2],"12":[1,1],"13":[0,0],"14":[0,0],"15":[0,1],"16":[0,1],"17":[0,0],"18":[0,0],"19":[0,0],"20":[0,0],"21":[0,2],"22":[1,1],"23":[0,2],"24":[1,1],"25":[0,2],"26":[1,1],"27":[0,1],"28":[0,1],"29":[0,5],"30":[1,4],"31":[3,1],"32":[0,0],"33":[0,0]},"_coverageSchema":"1a1c01bbd47fc00a2c39e90264f33305004495a9","hash":"ddf40a9f420dba596237be0635e0b9e0f6918a94"}
,"D:\\wordSpace\\GooUp1\\gooup1\\GD3\\homeworks\\middlewares\\checkPermission.js": {"path":"D:\\wordSpace\\GooUp1\\gooup1\\GD3\\homeworks\\middlewares\\checkPermission.js","statementMap":{"0":{"start":{"line":1,"column":20},"end":{"line":1,"column":53}},"1":{"start":{"line":3,"column":0},"end":{"line":19,"column":4}},"2":{"start":{"line":4,"column":4},"end":{"line":18,"column":6}},"3":{"start":{"line":5,"column":6},"end":{"line":17,"column":7}},"4":{"start":{"line":6,"column":8},"end":{"line":12,"column":11}},"5":{"start":{"line":7,"column":26},"end":{"line":7,"column":34}},"6":{"start":{"line":8,"column":10},"end":{"line":10,"column":11}},"7":{"start":{"line":9,"column":12},"end":{"line":9,"column":80}},"8":{"start":{"line":11,"column":10},"end":{"line":11,"column":17}},"9":{"start":{"line":15,"column":8},"end":{"line":15,"column":29}},"10":{"start":{"line":16,"column":8},"end":{"line":16,"column":74}},"11":{"start":{"line":21,"column":0},"end":{"line":33,"column":1}},"12":{"start":{"line":22,"column":22},"end":{"line":22,"column":32}},"13":{"start":{"line":23,"column":13},"end":{"line":23,"column":38}},"14":{"start":{"line":24,"column":14},"end":{"line":24,"column":65}},"15":{"start":{"line":25,"column":12},"end":{"line":25,"column":58}},"16":{"start":{"line":26,"column":14},"end":{"line":26,"column":61}},"17":{"start":{"line":27,"column":16},"end":{"line":27,"column":65}},"18":{"start":{"line":28,"column":16},"end":{"line":28,"column":65}},"19":{"start":{"line":30,"column":26},"end":{"line":30,"column":82}},"20":{"start":{"line":32,"column":0},"end":{"line":32,"column":25}}},"fnMap":{"0":{"name":"(anonymous_0)","decl":{"start":{"line":3,"column":21},"end":{"line":3,"column":22}},"loc":{"start":{"line":3,"column":32},"end":{"line":19,"column":3}},"line":3},"1":{"name":"(anonymous_1)","decl":{"start":{"line":4,"column":11},"end":{"line":4,"column":12}},"loc":{"start":{"line":4,"column":37},"end":{"line":18,"column":5}},"line":4},"2":{"name":"(anonymous_2)","decl":{"start":{"line":6,"column":30},"end":{"line":6,"column":31}},"loc":{"start":{"line":6,"column":36},"end":{"line":12,"column":9}},"line":6},"3":{"name":"(anonymous_3)","decl":{"start":{"line":21,"column":20},"end":{"line":21,"column":21}},"loc":{"start":{"line":21,"column":24},"end":{"line":33,"column":1}},"line":21}},"branchMap":{"0":{"loc":{"start":{"line":8,"column":10},"end":{"line":10,"column":11}},"type":"if","locations":[{"start":{"line":8,"column":10},"end":{"line":10,"column":11}},{"start":{},"end":{}}],"line":8}},"s":{"0":1,"1":1,"2":0,"3":0,"4":0,"5":0,"6":0,"7":0,"8":0,"9":0,"10":0,"11":1,"12":0,"13":0,"14":0,"15":0,"16":0,"17":0,"18":0,"19":0,"20":0},"f":{"0":0,"1":0,"2":0,"3":0},"b":{"0":[0,0]},"_coverageSchema":"1a1c01bbd47fc00a2c39e90264f33305004495a9","hash":"1921c820e41f907894e6c216f161df71c554a7ce"}
,"D:\\wordSpace\\GooUp1\\gooup1\\GD3\\homeworks\\routes\\auth.js": {"path":"D:\\wordSpace\\GooUp1\\gooup1\\GD3\\homeworks\\routes\\auth.js","statementMap":{"0":{"start":{"line":1,"column":16},"end":{"line":1,"column":34}},"1":{"start":{"line":2,"column":15},"end":{"line":2,"column":31}},"2":{"start":{"line":3,"column":22},"end":{"line":3,"column":62}},"3":{"start":{"line":4,"column":23},"end":{"line":4,"column":63}},"4":{"start":{"line":5,"column":19},"end":{"line":5,"column":60}},"5":{"start":{"line":6,"column":13},"end":{"line":6,"column":38}},"6":{"start":{"line":7,"column":14},"end":{"line":7,"column":32}},"7":{"start":{"line":20,"column":0},"end":{"line":20,"column":49}},"8":{"start":{"line":21,"column":0},"end":{"line":21,"column":47}},"9":{"start":{"line":22,"column":0},"end":{"line":22,"column":48}},"10":{"start":{"line":23,"column":0},"end":{"line":23,"column":73}},"11":{"start":{"line":24,"column":0},"end":{"line":24,"column":62}},"12":{"start":{"line":25,"column":0},"end":{"line":25,"column":58}},"13":{"start":{"line":26,"column":0},"end":{"line":26,"column":60}},"14":{"start":{"line":27,"column":0},"end":{"line":27,"column":60}},"15":{"start":{"line":28,"column":0},"end":{"line":28,"column":60}},"16":{"start":{"line":29,"column":0},"end":{"line":29,"column":46}},"17":{"start":{"line":31,"column":0},"end":{"line":31,"column":50}},"18":{"start":{"line":32,"column":0},"end":{"line":32,"column":43}},"19":{"start":{"line":33,"column":0},"end":{"line":33,"column":58}},"20":{"start":{"line":59,"column":0},"end":{"line":59,"column":24}}},"fnMap":{},"branchMap":{},"s":{"0":1,"1":1,"2":1,"3":1,"4":1,"5":1,"6":1,"7":1,"8":1,"9":1,"10":1,"11":1,"12":1,"13":1,"14":1,"15":1,"16":1,"17":1,"18":1,"19":1,"20":1},"f":{},"b":{},"_coverageSchema":"1a1c01bbd47fc00a2c39e90264f33305004495a9","hash":"ee6fc3aa1e2c656e0e2bcfa101de6e0fff363e9a"}
,"D:\\wordSpace\\GooUp1\\gooup1\\GD3\\homeworks\\services\\connect.js": {"path":"D:\\wordSpace\\GooUp1\\gooup1\\GD3\\homeworks\\services\\connect.js","statementMap":{"0":{"start":{"line":1,"column":0},"end":{"line":1,"column":27}},"1":{"start":{"line":2,"column":17},"end":{"line":2,"column":30}},"2":{"start":{"line":3,"column":12},"end":{"line":3,"column":35}},"3":{"start":{"line":4,"column":22},"end":{"line":4,"column":56}},"4":{"start":{"line":5,"column":13},"end":{"line":5,"column":28}},"5":{"start":{"line":7,"column":13},"end":{"line":314,"column":1}},"6":{"start":{"line":10,"column":21},"end":{"line":10,"column":317}},"7":{"start":{"line":11,"column":4},"end":{"line":18,"column":7}},"8":{"start":{"line":12,"column":6},"end":{"line":17,"column":7}},"9":{"start":{"line":13,"column":8},"end":{"line":13,"column":53}},"10":{"start":{"line":14,"column":8},"end":{"line":14,"column":30}},"11":{"start":{"line":16,"column":8},"end":{"line":16,"column":37}},"12":{"start":{"line":21,"column":21},"end":{"line":21,"column":316}},"13":{"start":{"line":22,"column":4},"end":{"line":29,"column":7}},"14":{"start":{"line":23,"column":6},"end":{"line":28,"column":7}},"15":{"start":{"line":24,"column":8},"end":{"line":24,"column":53}},"16":{"start":{"line":25,"column":8},"end":{"line":25,"column":30}},"17":{"start":{"line":27,"column":8},"end":{"line":27,"column":37}},"18":{"start":{"line":32,"column":25},"end":{"line":32,"column":67}},"19":{"start":{"line":33,"column":23},"end":{"line":33,"column":64}},"20":{"start":{"line":34,"column":4},"end":{"line":53,"column":5}},"21":{"start":{"line":35,"column":6},"end":{"line":35,"column":34}},"22":{"start":{"line":37,"column":25},"end":{"line":37,"column":173}},"23":{"start":{"line":39,"column":6},"end":{"line":52,"column":9}},"24":{"start":{"line":40,"column":8},"end":{"line":51,"column":9}},"25":{"start":{"line":41,"column":10},"end":{"line":41,"column":55}},"26":{"start":{"line":42,"column":10},"end":{"line":42,"column":32}},"27":{"start":{"line":44,"column":10},"end":{"line":48,"column":11}},"28":{"start":{"line":45,"column":12},"end":{"line":45,"column":30}},"29":{"start":{"line":47,"column":12},"end":{"line":47,"column":41}},"30":{"start":{"line":59,"column":18},"end":{"line":59,"column":80}},"31":{"start":{"line":60,"column":4},"end":{"line":69,"column":7}},"32":{"start":{"line":61,"column":6},"end":{"line":66,"column":7}},"33":{"start":{"line":62,"column":8},"end":{"line":62,"column":53}},"34":{"start":{"line":63,"column":8},"end":{"line":63,"column":30}},"35":{"start":{"line":65,"column":8},"end":{"line":65,"column":41}},"36":{"start":{"line":73,"column":16},"end":{"line":73,"column":87}},"37":{"start":{"line":74,"column":4},"end":{"line":82,"column":7}},"38":{"start":{"line":75,"column":6},"end":{"line":81,"column":7}},"39":{"start":{"line":76,"column":8},"end":{"line":76,"column":53}},"40":{"start":{"line":77,"column":8},"end":{"line":77,"column":30}},"41":{"start":{"line":79,"column":8},"end":{"line":79,"column":33}},"42":{"start":{"line":80,"column":8},"end":{"line":80,"column":37}},"43":{"start":{"line":86,"column":16},"end":{"line":86,"column":123}},"44":{"start":{"line":87,"column":4},"end":{"line":94,"column":7}},"45":{"start":{"line":88,"column":6},"end":{"line":93,"column":7}},"46":{"start":{"line":89,"column":8},"end":{"line":89,"column":53}},"47":{"start":{"line":90,"column":8},"end":{"line":90,"column":30}},"48":{"start":{"line":92,"column":8},"end":{"line":92,"column":37}},"49":{"start":{"line":97,"column":23},"end":{"line":97,"column":146}},"50":{"start":{"line":99,"column":4},"end":{"line":106,"column":7}},"51":{"start":{"line":100,"column":6},"end":{"line":105,"column":7}},"52":{"start":{"line":101,"column":8},"end":{"line":101,"column":53}},"53":{"start":{"line":102,"column":8},"end":{"line":102,"column":30}},"54":{"start":{"line":104,"column":8},"end":{"line":104,"column":41}},"55":{"start":{"line":109,"column":20},"end":{"line":109,"column":170}},"56":{"start":{"line":110,"column":4},"end":{"line":117,"column":7}},"57":{"start":{"line":111,"column":6},"end":{"line":116,"column":7}},"58":{"start":{"line":112,"column":8},"end":{"line":112,"column":53}},"59":{"start":{"line":113,"column":8},"end":{"line":113,"column":30}},"60":{"start":{"line":115,"column":8},"end":{"line":115,"column":37}},"61":{"start":{"line":122,"column":4},"end":{"line":135,"column":5}},"62":{"start":{"line":123,"column":20},"end":{"line":123,"column":142}},"63":{"start":{"line":124,"column":6},"end":{"line":131,"column":9}},"64":{"start":{"line":125,"column":8},"end":{"line":130,"column":9}},"65":{"start":{"line":126,"column":10},"end":{"line":126,"column":55}},"66":{"start":{"line":127,"column":10},"end":{"line":127,"column":32}},"67":{"start":{"line":129,"column":10},"end":{"line":129,"column":43}},"68":{"start":{"line":133,"column":6},"end":{"line":133,"column":52}},"69":{"start":{"line":134,"column":6},"end":{"line":134,"column":28}},"70":{"start":{"line":139,"column":4},"end":{"line":152,"column":5}},"71":{"start":{"line":140,"column":20},"end":{"line":140,"column":78}},"72":{"start":{"line":141,"column":6},"end":{"line":148,"column":9}},"73":{"start":{"line":142,"column":8},"end":{"line":147,"column":9}},"74":{"start":{"line":143,"column":10},"end":{"line":143,"column":55}},"75":{"start":{"line":144,"column":10},"end":{"line":144,"column":32}},"76":{"start":{"line":146,"column":10},"end":{"line":146,"column":43}},"77":{"start":{"line":150,"column":6},"end":{"line":150,"column":52}},"78":{"start":{"line":151,"column":6},"end":{"line":151,"column":28}},"79":{"start":{"line":155,"column":4},"end":{"line":180,"column":5}},"80":{"start":{"line":168,"column":20},"end":{"line":168,"column":112}},"81":{"start":{"line":169,"column":6},"end":{"line":176,"column":9}},"82":{"start":{"line":170,"column":8},"end":{"line":175,"column":9}},"83":{"start":{"line":171,"column":10},"end":{"line":171,"column":55}},"84":{"start":{"line":172,"column":10},"end":{"line":172,"column":32}},"85":{"start":{"line":174,"column":10},"end":{"line":174,"column":39}},"86":{"start":{"line":178,"column":6},"end":{"line":178,"column":52}},"87":{"start":{"line":179,"column":6},"end":{"line":179,"column":28}},"88":{"start":{"line":184,"column":20},"end":{"line":184,"column":108}},"89":{"start":{"line":185,"column":4},"end":{"line":192,"column":7}},"90":{"start":{"line":186,"column":6},"end":{"line":191,"column":7}},"91":{"start":{"line":187,"column":8},"end":{"line":187,"column":53}},"92":{"start":{"line":188,"column":8},"end":{"line":188,"column":30}},"93":{"start":{"line":190,"column":8},"end":{"line":190,"column":37}},"94":{"start":{"line":195,"column":20},"end":{"line":195,"column":215}},"95":{"start":{"line":196,"column":4},"end":{"line":203,"column":7}},"96":{"start":{"line":197,"column":6},"end":{"line":202,"column":7}},"97":{"start":{"line":198,"column":8},"end":{"line":198,"column":53}},"98":{"start":{"line":199,"column":8},"end":{"line":199,"column":30}},"99":{"start":{"line":201,"column":8},"end":{"line":201,"column":37}},"100":{"start":{"line":206,"column":20},"end":{"line":206,"column":117}},"101":{"start":{"line":207,"column":4},"end":{"line":214,"column":7}},"102":{"start":{"line":208,"column":6},"end":{"line":213,"column":7}},"103":{"start":{"line":209,"column":8},"end":{"line":209,"column":53}},"104":{"start":{"line":210,"column":8},"end":{"line":210,"column":30}},"105":{"start":{"line":212,"column":8},"end":{"line":212,"column":37}},"106":{"start":{"line":217,"column":20},"end":{"line":217,"column":172}},"107":{"start":{"line":218,"column":4},"end":{"line":225,"column":7}},"108":{"start":{"line":219,"column":6},"end":{"line":224,"column":7}},"109":{"start":{"line":220,"column":8},"end":{"line":220,"column":53}},"110":{"start":{"line":221,"column":8},"end":{"line":221,"column":30}},"111":{"start":{"line":223,"column":8},"end":{"line":223,"column":37}},"112":{"start":{"line":229,"column":4},"end":{"line":252,"column":5}},"113":{"start":{"line":231,"column":30},"end":{"line":231,"column":85}},"114":{"start":{"line":232,"column":31},"end":{"line":232,"column":79}},"115":{"start":{"line":234,"column":6},"end":{"line":237,"column":7}},"116":{"start":{"line":235,"column":8},"end":{"line":235,"column":26}},"117":{"start":{"line":236,"column":8},"end":{"line":236,"column":15}},"118":{"start":{"line":238,"column":20},"end":{"line":238,"column":140}},"119":{"start":{"line":241,"column":6},"end":{"line":248,"column":9}},"120":{"start":{"line":242,"column":8},"end":{"line":247,"column":9}},"121":{"start":{"line":243,"column":10},"end":{"line":243,"column":55}},"122":{"start":{"line":244,"column":10},"end":{"line":244,"column":32}},"123":{"start":{"line":246,"column":10},"end":{"line":246,"column":39}},"124":{"start":{"line":250,"column":6},"end":{"line":250,"column":55}},"125":{"start":{"line":251,"column":6},"end":{"line":251,"column":28}},"126":{"start":{"line":257,"column":32},"end":{"line":257,"column":40}},"127":{"start":{"line":258,"column":18},"end":{"line":258,"column":74}},"128":{"start":{"line":259,"column":19},"end":{"line":259,"column":36}},"129":{"start":{"line":260,"column":4},"end":{"line":260,"column":23}},"130":{"start":{"line":262,"column":4},"end":{"line":282,"column":7}},"131":{"start":{"line":263,"column":6},"end":{"line":265,"column":7}},"132":{"start":{"line":264,"column":8},"end":{"line":264,"column":30}},"133":{"start":{"line":266,"column":6},"end":{"line":281,"column":7}},"134":{"start":{"line":267,"column":8},"end":{"line":267,"column":26}},"135":{"start":{"line":269,"column":8},"end":{"line":280,"column":9}},"136":{"start":{"line":270,"column":10},"end":{"line":270,"column":27}},"137":{"start":{"line":271,"column":10},"end":{"line":271,"column":28}},"138":{"start":{"line":273,"column":23},"end":{"line":273,"column":38}},"139":{"start":{"line":276,"column":24},"end":{"line":276,"column":87}},"140":{"start":{"line":279,"column":10},"end":{"line":279,"column":42}},"141":{"start":{"line":285,"column":4},"end":{"line":307,"column":6}},"142":{"start":{"line":287,"column":22},"end":{"line":287,"column":78}},"143":{"start":{"line":288,"column":23},"end":{"line":288,"column":40}},"144":{"start":{"line":290,"column":8},"end":{"line":305,"column":11}},"145":{"start":{"line":291,"column":10},"end":{"line":294,"column":11}},"146":{"start":{"line":292,"column":12},"end":{"line":292,"column":57}},"147":{"start":{"line":293,"column":12},"end":{"line":293,"column":31}},"148":{"start":{"line":296,"column":10},"end":{"line":299,"column":11}},"149":{"start":{"line":297,"column":26},"end":{"line":297,"column":60}},"150":{"start":{"line":298,"column":12},"end":{"line":298,"column":57}},"151":{"start":{"line":301,"column":23},"end":{"line":301,"column":38}},"152":{"start":{"line":303,"column":24},"end":{"line":303,"column":88}},"153":{"start":{"line":304,"column":10},"end":{"line":304,"column":45}},"154":{"start":{"line":316,"column":0},"end":{"line":316,"column":22}}},"fnMap":{"0":{"name":"(anonymous_0)","decl":{"start":{"line":9,"column":15},"end":{"line":9,"column":16}},"loc":{"start":{"line":9,"column":29},"end":{"line":19,"column":3}},"line":9},"1":{"name":"(anonymous_1)","decl":{"start":{"line":11,"column":27},"end":{"line":11,"column":28}},"loc":{"start":{"line":11,"column":47},"end":{"line":18,"column":5}},"line":11},"2":{"name":"(anonymous_2)","decl":{"start":{"line":20,"column":12},"end":{"line":20,"column":13}},"loc":{"start":{"line":20,"column":35},"end":{"line":30,"column":3}},"line":20},"3":{"name":"(anonymous_3)","decl":{"start":{"line":22,"column":27},"end":{"line":22,"column":28}},"loc":{"start":{"line":22,"column":47},"end":{"line":29,"column":5}},"line":22},"4":{"name":"(anonymous_4)","decl":{"start":{"line":31,"column":15},"end":{"line":31,"column":16}},"loc":{"start":{"line":31,"column":52},"end":{"line":57,"column":3}},"line":31},"5":{"name":"(anonymous_5)","decl":{"start":{"line":39,"column":37},"end":{"line":39,"column":38}},"loc":{"start":{"line":39,"column":57},"end":{"line":52,"column":7}},"line":39},"6":{"name":"(anonymous_6)","decl":{"start":{"line":58,"column":15},"end":{"line":58,"column":16}},"loc":{"start":{"line":58,"column":38},"end":{"line":70,"column":3}},"line":58},"7":{"name":"(anonymous_7)","decl":{"start":{"line":60,"column":22},"end":{"line":60,"column":23}},"loc":{"start":{"line":60,"column":42},"end":{"line":69,"column":5}},"line":60},"8":{"name":"(anonymous_8)","decl":{"start":{"line":71,"column":15},"end":{"line":71,"column":16}},"loc":{"start":{"line":71,"column":29},"end":{"line":83,"column":3}},"line":71},"9":{"name":"(anonymous_9)","decl":{"start":{"line":74,"column":22},"end":{"line":74,"column":23}},"loc":{"start":{"line":74,"column":42},"end":{"line":82,"column":5}},"line":74},"10":{"name":"(anonymous_10)","decl":{"start":{"line":84,"column":12},"end":{"line":84,"column":13}},"loc":{"start":{"line":84,"column":34},"end":{"line":95,"column":3}},"line":84},"11":{"name":"(anonymous_11)","decl":{"start":{"line":87,"column":22},"end":{"line":87,"column":23}},"loc":{"start":{"line":87,"column":42},"end":{"line":94,"column":5}},"line":87},"12":{"name":"(anonymous_12)","decl":{"start":{"line":96,"column":15},"end":{"line":96,"column":16}},"loc":{"start":{"line":96,"column":46},"end":{"line":107,"column":3}},"line":96},"13":{"name":"(anonymous_13)","decl":{"start":{"line":99,"column":35},"end":{"line":99,"column":36}},"loc":{"start":{"line":99,"column":55},"end":{"line":106,"column":5}},"line":99},"14":{"name":"(anonymous_14)","decl":{"start":{"line":108,"column":14},"end":{"line":108,"column":15}},"loc":{"start":{"line":108,"column":28},"end":{"line":118,"column":3}},"line":108},"15":{"name":"(anonymous_15)","decl":{"start":{"line":110,"column":26},"end":{"line":110,"column":27}},"loc":{"start":{"line":110,"column":46},"end":{"line":117,"column":5}},"line":110},"16":{"name":"(anonymous_16)","decl":{"start":{"line":119,"column":11},"end":{"line":119,"column":12}},"loc":{"start":{"line":119,"column":41},"end":{"line":136,"column":3}},"line":119},"17":{"name":"(anonymous_17)","decl":{"start":{"line":124,"column":34},"end":{"line":124,"column":35}},"loc":{"start":{"line":124,"column":54},"end":{"line":131,"column":7}},"line":124},"18":{"name":"(anonymous_18)","decl":{"start":{"line":137,"column":13},"end":{"line":137,"column":14}},"loc":{"start":{"line":137,"column":41},"end":{"line":153,"column":3}},"line":137},"19":{"name":"(anonymous_19)","decl":{"start":{"line":141,"column":24},"end":{"line":141,"column":25}},"loc":{"start":{"line":141,"column":44},"end":{"line":148,"column":7}},"line":141},"20":{"name":"(anonymous_20)","decl":{"start":{"line":154,"column":12},"end":{"line":154,"column":13}},"loc":{"start":{"line":154,"column":42},"end":{"line":181,"column":3}},"line":154},"21":{"name":"(anonymous_21)","decl":{"start":{"line":169,"column":34},"end":{"line":169,"column":35}},"loc":{"start":{"line":169,"column":54},"end":{"line":176,"column":7}},"line":169},"22":{"name":"(anonymous_22)","decl":{"start":{"line":182,"column":11},"end":{"line":182,"column":12}},"loc":{"start":{"line":182,"column":33},"end":{"line":193,"column":3}},"line":182},"23":{"name":"(anonymous_23)","decl":{"start":{"line":185,"column":26},"end":{"line":185,"column":27}},"loc":{"start":{"line":185,"column":46},"end":{"line":192,"column":5}},"line":185},"24":{"name":"(anonymous_24)","decl":{"start":{"line":194,"column":21},"end":{"line":194,"column":22}},"loc":{"start":{"line":194,"column":43},"end":{"line":204,"column":3}},"line":194},"25":{"name":"(anonymous_25)","decl":{"start":{"line":196,"column":26},"end":{"line":196,"column":27}},"loc":{"start":{"line":196,"column":46},"end":{"line":203,"column":5}},"line":196},"26":{"name":"(anonymous_26)","decl":{"start":{"line":205,"column":18},"end":{"line":205,"column":19}},"loc":{"start":{"line":205,"column":40},"end":{"line":215,"column":3}},"line":205},"27":{"name":"(anonymous_27)","decl":{"start":{"line":207,"column":26},"end":{"line":207,"column":27}},"loc":{"start":{"line":207,"column":46},"end":{"line":214,"column":5}},"line":207},"28":{"name":"(anonymous_28)","decl":{"start":{"line":216,"column":18},"end":{"line":216,"column":19}},"loc":{"start":{"line":216,"column":32},"end":{"line":226,"column":3}},"line":216},"29":{"name":"(anonymous_29)","decl":{"start":{"line":218,"column":26},"end":{"line":218,"column":27}},"loc":{"start":{"line":218,"column":46},"end":{"line":225,"column":5}},"line":218},"30":{"name":"(anonymous_30)","decl":{"start":{"line":227,"column":12},"end":{"line":227,"column":13}},"loc":{"start":{"line":227,"column":42},"end":{"line":253,"column":3}},"line":227},"31":{"name":"(anonymous_31)","decl":{"start":{"line":241,"column":34},"end":{"line":241,"column":35}},"loc":{"start":{"line":241,"column":54},"end":{"line":248,"column":7}},"line":241},"32":{"name":"(anonymous_32)","decl":{"start":{"line":256,"column":9},"end":{"line":256,"column":10}},"loc":{"start":{"line":256,"column":33},"end":{"line":283,"column":3}},"line":256},"33":{"name":"(anonymous_33)","decl":{"start":{"line":262,"column":30},"end":{"line":262,"column":31}},"loc":{"start":{"line":262,"column":50},"end":{"line":282,"column":5}},"line":262},"34":{"name":"(anonymous_34)","decl":{"start":{"line":284,"column":21},"end":{"line":284,"column":22}},"loc":{"start":{"line":284,"column":35},"end":{"line":308,"column":3}},"line":284},"35":{"name":"(anonymous_35)","decl":{"start":{"line":286,"column":52},"end":{"line":286,"column":53}},"loc":{"start":{"line":286,"column":79},"end":{"line":306,"column":7}},"line":286},"36":{"name":"(anonymous_36)","decl":{"start":{"line":290,"column":34},"end":{"line":290,"column":35}},"loc":{"start":{"line":290,"column":54},"end":{"line":305,"column":9}},"line":290}},"branchMap":{"0":{"loc":{"start":{"line":12,"column":6},"end":{"line":17,"column":7}},"type":"if","locations":[{"start":{"line":12,"column":6},"end":{"line":17,"column":7}},{"start":{"line":15,"column":13},"end":{"line":17,"column":7}}],"line":12},"1":{"loc":{"start":{"line":23,"column":6},"end":{"line":28,"column":7}},"type":"if","locations":[{"start":{"line":23,"column":6},"end":{"line":28,"column":7}},{"start":{"line":26,"column":13},"end":{"line":28,"column":7}}],"line":23},"2":{"loc":{"start":{"line":34,"column":4},"end":{"line":53,"column":5}},"type":"if","locations":[{"start":{"line":34,"column":4},"end":{"line":53,"column":5}},{"start":{"line":36,"column":11},"end":{"line":53,"column":5}}],"line":34},"3":{"loc":{"start":{"line":40,"column":8},"end":{"line":51,"column":9}},"type":"if","locations":[{"start":{"line":40,"column":8},"end":{"line":51,"column":9}},{"start":{"line":43,"column":15},"end":{"line":51,"column":9}}],"line":40},"4":{"loc":{"start":{"line":44,"column":10},"end":{"line":48,"column":11}},"type":"if","locations":[{"start":{"line":44,"column":10},"end":{"line":48,"column":11}},{"start":{"line":46,"column":17},"end":{"line":48,"column":11}}],"line":44},"5":{"loc":{"start":{"line":61,"column":6},"end":{"line":66,"column":7}},"type":"if","locations":[{"start":{"line":61,"column":6},"end":{"line":66,"column":7}},{"start":{"line":64,"column":13},"end":{"line":66,"column":7}}],"line":61},"6":{"loc":{"start":{"line":75,"column":6},"end":{"line":81,"column":7}},"type":"if","locations":[{"start":{"line":75,"column":6},"end":{"line":81,"column":7}},{"start":{"line":78,"column":13},"end":{"line":81,"column":7}}],"line":75},"7":{"loc":{"start":{"line":88,"column":6},"end":{"line":93,"column":7}},"type":"if","locations":[{"start":{"line":88,"column":6},"end":{"line":93,"column":7}},{"start":{"line":91,"column":13},"end":{"line":93,"column":7}}],"line":88},"8":{"loc":{"start":{"line":100,"column":6},"end":{"line":105,"column":7}},"type":"if","locations":[{"start":{"line":100,"column":6},"end":{"line":105,"column":7}},{"start":{"line":103,"column":13},"end":{"line":105,"column":7}}],"line":100},"9":{"loc":{"start":{"line":111,"column":6},"end":{"line":116,"column":7}},"type":"if","locations":[{"start":{"line":111,"column":6},"end":{"line":116,"column":7}},{"start":{"line":114,"column":13},"end":{"line":116,"column":7}}],"line":111},"10":{"loc":{"start":{"line":125,"column":8},"end":{"line":130,"column":9}},"type":"if","locations":[{"start":{"line":125,"column":8},"end":{"line":130,"column":9}},{"start":{"line":128,"column":15},"end":{"line":130,"column":9}}],"line":125},"11":{"loc":{"start":{"line":142,"column":8},"end":{"line":147,"column":9}},"type":"if","locations":[{"start":{"line":142,"column":8},"end":{"line":147,"column":9}},{"start":{"line":145,"column":15},"end":{"line":147,"column":9}}],"line":142},"12":{"loc":{"start":{"line":170,"column":8},"end":{"line":175,"column":9}},"type":"if","locations":[{"start":{"line":170,"column":8},"end":{"line":175,"column":9}},{"start":{"line":173,"column":15},"end":{"line":175,"column":9}}],"line":170},"13":{"loc":{"start":{"line":186,"column":6},"end":{"line":191,"column":7}},"type":"if","locations":[{"start":{"line":186,"column":6},"end":{"line":191,"column":7}},{"start":{"line":189,"column":13},"end":{"line":191,"column":7}}],"line":186},"14":{"loc":{"start":{"line":197,"column":6},"end":{"line":202,"column":7}},"type":"if","locations":[{"start":{"line":197,"column":6},"end":{"line":202,"column":7}},{"start":{"line":200,"column":13},"end":{"line":202,"column":7}}],"line":197},"15":{"loc":{"start":{"line":208,"column":6},"end":{"line":213,"column":7}},"type":"if","locations":[{"start":{"line":208,"column":6},"end":{"line":213,"column":7}},{"start":{"line":211,"column":13},"end":{"line":213,"column":7}}],"line":208},"16":{"loc":{"start":{"line":219,"column":6},"end":{"line":224,"column":7}},"type":"if","locations":[{"start":{"line":219,"column":6},"end":{"line":224,"column":7}},{"start":{"line":222,"column":13},"end":{"line":224,"column":7}}],"line":219},"17":{"loc":{"start":{"line":234,"column":6},"end":{"line":237,"column":7}},"type":"if","locations":[{"start":{"line":234,"column":6},"end":{"line":237,"column":7}},{"start":{},"end":{}}],"line":234},"18":{"loc":{"start":{"line":242,"column":8},"end":{"line":247,"column":9}},"type":"if","locations":[{"start":{"line":242,"column":8},"end":{"line":247,"column":9}},{"start":{"line":245,"column":15},"end":{"line":247,"column":9}}],"line":242},"19":{"loc":{"start":{"line":263,"column":6},"end":{"line":265,"column":7}},"type":"if","locations":[{"start":{"line":263,"column":6},"end":{"line":265,"column":7}},{"start":{},"end":{}}],"line":263},"20":{"loc":{"start":{"line":266,"column":6},"end":{"line":281,"column":7}},"type":"if","locations":[{"start":{"line":266,"column":6},"end":{"line":281,"column":7}},{"start":{"line":268,"column":13},"end":{"line":281,"column":7}}],"line":266},"21":{"loc":{"start":{"line":266,"column":10},"end":{"line":266,"column":96}},"type":"binary-expr","locations":[{"start":{"line":266,"column":10},"end":{"line":266,"column":25}},{"start":{"line":266,"column":30},"end":{"line":266,"column":51}},{"start":{"line":266,"column":55},"end":{"line":266,"column":73}},{"start":{"line":266,"column":77},"end":{"line":266,"column":95}}],"line":266},"22":{"loc":{"start":{"line":269,"column":8},"end":{"line":280,"column":9}},"type":"if","locations":[{"start":{"line":269,"column":8},"end":{"line":280,"column":9}},{"start":{"line":272,"column":15},"end":{"line":280,"column":9}}],"line":269},"23":{"loc":{"start":{"line":291,"column":10},"end":{"line":294,"column":11}},"type":"if","locations":[{"start":{"line":291,"column":10},"end":{"line":294,"column":11}},{"start":{},"end":{}}],"line":291},"24":{"loc":{"start":{"line":296,"column":10},"end":{"line":299,"column":11}},"type":"if","locations":[{"start":{"line":296,"column":10},"end":{"line":299,"column":11}},{"start":{},"end":{}}],"line":296}},"s":{"0":1,"1":1,"2":1,"3":1,"4":1,"5":1,"6":3,"7":3,"8":3,"9":0,"10":0,"11":3,"12":0,"13":0,"14":0,"15":0,"16":0,"17":0,"18":0,"19":0,"20":0,"21":0,"22":0,"23":0,"24":0,"25":0,"26":0,"27":0,"28":0,"29":0,"30":0,"31":0,"32":0,"33":0,"34":0,"35":0,"36":1,"37":1,"38":1,"39":0,"40":0,"41":1,"42":1,"43":2,"44":2,"45":2,"46":0,"47":0,"48":2,"49":0,"50":0,"51":0,"52":0,"53":0,"54":0,"55":1,"56":1,"57":1,"58":0,"59":0,"60":1,"61":0,"62":0,"63":0,"64":0,"65":0,"66":0,"67":0,"68":0,"69":0,"70":0,"71":0,"72":0,"73":0,"74":0,"75":0,"76":0,"77":0,"78":0,"79":0,"80":0,"81":0,"82":0,"83":0,"84":0,"85":0,"86":0,"87":0,"88":2,"89":2,"90":2,"91":0,"92":0,"93":2,"94":2,"95":2,"96":2,"97":0,"98":0,"99":2,"100":2,"101":2,"102":2,"103":0,"104":0,"105":2,"106":1,"107":1,"108":1,"109":0,"110":0,"111":1,"112":0,"113":0,"114":0,"115":0,"116":0,"117":0,"118":0,"119":0,"120":0,"121":0,"122":0,"123":0,"124":0,"125":0,"126":5,"127":5,"128":5,"129":5,"130":5,"131":5,"132":0,"133":5,"134":3,"135":2,"136":1,"137":1,"138":1,"139":1,"140":1,"141":0,"142":0,"143":0,"144":0,"145":0,"146":0,"147":0,"148":0,"149":0,"150":0,"151":0,"152":0,"153":0,"154":1},"f":{"0":3,"1":3,"2":0,"3":0,"4":0,"5":0,"6":0,"7":0,"8":1,"9":1,"10":2,"11":2,"12":0,"13":0,"14":1,"15":1,"16":0,"17":0,"18":0,"19":0,"20":0,"21":0,"22":2,"23":2,"24":2,"25":2,"26":2,"27":2,"28":1,"29":1,"30":0,"31":0,"32":5,"33":5,"34":0,"35":0,"36":0},"b":{"0":[0,3],"1":[0,0],"2":[0,0],"3":[0,0],"4":[0,0],"5":[0,0],"6":[0,1],"7":[0,2],"8":[0,0],"9":[0,1],"10":[0,0],"11":[0,0],"12":[0,0],"13":[0,2],"14":[0,2],"15":[0,2],"16":[0,1],"17":[0,0],"18":[0,0],"19":[0,5],"20":[3,2],"21":[5,5,5,3],"22":[1,1],"23":[0,0],"24":[0,0]},"_coverageSchema":"1a1c01bbd47fc00a2c39e90264f33305004495a9","hash":"482d0414374f3e100395b537a68d6cde1410ab2b"}
,"D:\\wordSpace\\GooUp1\\gooup1\\GD3\\homeworks\\services\\db.js": {"path":"D:\\wordSpace\\GooUp1\\gooup1\\GD3\\homeworks\\services\\db.js","statementMap":{"0":{"start":{"line":1,"column":0},"end":{"line":1,"column":27}},"1":{"start":{"line":2,"column":17},"end":{"line":2,"column":30}},"2":{"start":{"line":4,"column":15},"end":{"line":4,"column":34}},"3":{"start":{"line":5,"column":15},"end":{"line":5,"column":34}},"4":{"start":{"line":6,"column":15},"end":{"line":6,"column":34}},"5":{"start":{"line":7,"column":19},"end":{"line":7,"column":42}},"6":{"start":{"line":8,"column":15},"end":{"line":8,"column":34}},"7":{"start":{"line":10,"column":13},"end":{"line":16,"column":2}},"8":{"start":{"line":18,"column":0},"end":{"line":27,"column":3}},"9":{"start":{"line":19,"column":4},"end":{"line":24,"column":5}},"10":{"start":{"line":20,"column":8},"end":{"line":20,"column":62}},"11":{"start":{"line":22,"column":8},"end":{"line":22,"column":46}},"12":{"start":{"line":23,"column":8},"end":{"line":23,"column":15}},"13":{"start":{"line":25,"column":4},"end":{"line":25,"column":43}},"14":{"start":{"line":26,"column":4},"end":{"line":26,"column":11}},"15":{"start":{"line":30,"column":0},"end":{"line":30,"column":22}}},"fnMap":{"0":{"name":"(anonymous_0)","decl":{"start":{"line":18,"column":13},"end":{"line":18,"column":14}},"loc":{"start":{"line":18,"column":36},"end":{"line":27,"column":1}},"line":18}},"branchMap":{"0":{"loc":{"start":{"line":19,"column":4},"end":{"line":24,"column":5}},"type":"if","locations":[{"start":{"line":19,"column":4},"end":{"line":24,"column":5}},{"start":{},"end":{}}],"line":19}},"s":{"0":1,"1":1,"2":1,"3":1,"4":1,"5":1,"6":1,"7":1,"8":1,"9":1,"10":0,"11":0,"12":0,"13":1,"14":1,"15":1},"f":{"0":1},"b":{"0":[0,1]},"_coverageSchema":"1a1c01bbd47fc00a2c39e90264f33305004495a9","hash":"3f6c4c271ab4b8c553318613a1545463192d210a"}
,"D:\\wordSpace\\GooUp1\\gooup1\\GD3\\homeworks\\services\\sendEmail.js": {"path":"D:\\wordSpace\\GooUp1\\gooup1\\GD3\\homeworks\\services\\sendEmail.js","statementMap":{"0":{"start":{"line":1,"column":19},"end":{"line":1,"column":40}},"1":{"start":{"line":2,"column":0},"end":{"line":2,"column":27}},"2":{"start":{"line":3,"column":0},"end":{"line":106,"column":1}},"3":{"start":{"line":4,"column":4},"end":{"line":105,"column":5}},"4":{"start":{"line":5,"column":8},"end":{"line":5,"column":29}},"5":{"start":{"line":6,"column":26},"end":{"line":20,"column":10}},"6":{"start":{"line":22,"column":19},"end":{"line":101,"column":10}},"7":{"start":{"line":102,"column":8},"end":{"line":102,"column":20}},"8":{"start":{"line":104,"column":8},"end":{"line":104,"column":26}}},"fnMap":{"0":{"name":"(anonymous_0)","decl":{"start":{"line":3,"column":27},"end":{"line":3,"column":28}},"loc":{"start":{"line":3,"column":43},"end":{"line":106,"column":1}},"line":3}},"branchMap":{},"s":{"0":1,"1":1,"2":1,"3":0,"4":0,"5":0,"6":0,"7":0,"8":0},"f":{"0":0},"b":{},"_coverageSchema":"1a1c01bbd47fc00a2c39e90264f33305004495a9","hash":"e3b9cea6a2d6ff67d5142c99e244e196be07ec1e"}
}
