TN:
SF:config\verifyToken.js
FN:4,(anonymous_0)
FNF:1
FNH:0
FNDA:0,(anonymous_0)
DA:2,1
DA:4,1
DA:5,0
DA:7,0
DA:8,0
DA:10,0
DA:13,0
DA:14,0
DA:17,0
DA:19,0
DA:21,0
DA:25,1
LF:12
LH:3
BRDA:7,0,0,0
BRDA:7,0,1,0
BRF:2
BRH:0
end_of_record
TN:
SF:controllers\authController.js
FN:5,(anonymous_0)
FN:11,(anonymous_1)
FN:29,(anonymous_2)
FN:34,(anonymous_3)
FN:56,(anonymous_4)
FN:61,(anonymous_5)
FN:86,(anonymous_6)
FN:93,(anonymous_7)
FNF:8
FNH:0
FNDA:0,(anonymous_0)
FNDA:0,(anonymous_1)
FNDA:0,(anonymous_2)
FNDA:0,(anonymous_3)
FNDA:0,(anonymous_4)
FNDA:0,(anonymous_5)
FNDA:0,(anonymous_6)
FNDA:0,(anonymous_7)
DA:1,1
DA:2,1
DA:3,1
DA:5,1
DA:7,0
DA:8,0
DA:11,0
DA:12,0
DA:13,0
DA:19,0
DA:29,1
DA:31,0
DA:34,0
DA:35,0
DA:36,0
DA:41,0
DA:42,0
DA:48,0
DA:56,1
DA:58,0
DA:61,0
DA:62,0
DA:63,0
DA:68,0
DA:69,0
DA:75,0
DA:86,1
DA:87,0
DA:88,0
DA:89,0
DA:90,0
DA:93,0
DA:94,0
DA:95,0
DA:99,0
LF:35
LH:7
BRDA:12,0,0,0
BRDA:12,0,1,0
BRDA:35,1,0,0
BRDA:35,1,1,0
BRDA:41,2,0,0
BRDA:41,2,1,0
BRDA:62,3,0,0
BRDA:62,3,1,0
BRDA:68,4,0,0
BRDA:68,4,1,0
BRDA:89,5,0,0
BRDA:89,5,1,0
BRDA:94,6,0,0
BRDA:94,6,1,0
BRF:14
BRH:0
end_of_record
TN:
SF:controllers\emailController.js
FN:4,(anonymous_0)
FNF:1
FNH:0
FNDA:0,(anonymous_0)
DA:1,1
DA:4,1
DA:5,0
DA:7,0
DA:8,0
DA:9,0
DA:14,0
DA:19,0
LF:8
LH:2
BRDA:7,0,0,0
BRDA:7,0,1,0
BRF:2
BRH:0
end_of_record
TN:
SF:controllers\userController.js
FN:9,(anonymous_0)
FN:10,(anonymous_1)
FN:37,(anonymous_2)
FN:40,(anonymous_3)
FN:67,(anonymous_4)
FN:73,(anonymous_5)
FN:109,(anonymous_6)
FN:112,(anonymous_7)
FN:141,(anonymous_8)
FN:142,(anonymous_9)
FN:170,(anonymous_10)
FN:172,(anonymous_11)
FN:200,(anonymous_12)
FN:206,(anonymous_13)
FN:236,(anonymous_14)
FN:237,(anonymous_15)
FN:264,(anonymous_16)
FN:271,(anonymous_17)
FN:287,(anonymous_18)
FN:289,(anonymous_19)
FN:316,(anonymous_20)
FN:331,(anonymous_21)
FN:347,(anonymous_22)
FN:350,(anonymous_23)
FN:378,(anonymous_24)
FN:380,(anonymous_25)
FN:408,(anonymous_26)
FN:410,(anonymous_27)
FN:438,(anonymous_28)
FN:439,(anonymous_29)
FN:466,(anonymous_30)
FN:471,(anonymous_31)
FN:502,(anonymous_32)
FN:509,(anonymous_33)
FNF:34
FNH:18
FNDA:3,(anonymous_0)
FNDA:3,(anonymous_1)
FNDA:0,(anonymous_2)
FNDA:0,(anonymous_3)
FNDA:0,(anonymous_4)
FNDA:0,(anonymous_5)
FNDA:0,(anonymous_6)
FNDA:0,(anonymous_7)
FNDA:1,(anonymous_8)
FNDA:1,(anonymous_9)
FNDA:2,(anonymous_10)
FNDA:2,(anonymous_11)
FNDA:0,(anonymous_12)
FNDA:0,(anonymous_13)
FNDA:1,(anonymous_14)
FNDA:1,(anonymous_15)
FNDA:0,(anonymous_16)
FNDA:0,(anonymous_17)
FNDA:0,(anonymous_18)
FNDA:0,(anonymous_19)
FNDA:0,(anonymous_20)
FNDA:0,(anonymous_21)
FNDA:2,(anonymous_22)
FNDA:2,(anonymous_23)
FNDA:2,(anonymous_24)
FNDA:2,(anonymous_25)
FNDA:2,(anonymous_26)
FNDA:2,(anonymous_27)
FNDA:1,(anonymous_28)
FNDA:1,(anonymous_29)
FNDA:5,(anonymous_30)
FNDA:5,(anonymous_31)
FNDA:0,(anonymous_32)
FNDA:0,(anonymous_33)
DA:1,1
DA:2,1
DA:3,1
DA:4,1
DA:9,1
DA:10,3
DA:11,3
DA:12,0
DA:19,3
DA:20,0
DA:27,3
DA:37,1
DA:38,0
DA:40,0
DA:41,0
DA:42,0
DA:49,0
DA:50,0
DA:57,0
DA:67,1
DA:68,0
DA:69,0
DA:71,0
DA:73,0
DA:74,0
DA:75,0
DA:82,0
DA:83,0
DA:90,0
DA:91,0
DA:98,0
DA:109,1
DA:110,0
DA:112,0
DA:113,0
DA:114,0
DA:122,0
DA:123,0
DA:130,0
DA:141,1
DA:142,1
DA:143,1
DA:144,0
DA:151,1
DA:152,0
DA:159,1
DA:170,1
DA:171,2
DA:172,2
DA:173,2
DA:174,0
DA:181,2
DA:182,1
DA:189,1
DA:200,1
DA:201,0
DA:202,0
DA:204,0
DA:206,0
DA:207,0
DA:208,0
DA:215,0
DA:216,0
DA:217,0
DA:225,0
DA:236,1
DA:237,1
DA:238,1
DA:239,0
DA:246,1
DA:247,0
DA:254,1
DA:264,1
DA:266,0
DA:267,0
DA:268,0
DA:271,0
DA:272,0
DA:273,0
DA:279,0
DA:287,1
DA:288,0
DA:289,0
DA:290,0
DA:291,0
DA:298,0
DA:299,0
DA:306,0
DA:316,1
DA:317,0
DA:318,0
DA:319,0
DA:320,0
DA:324,0
DA:325,0
DA:327,0
DA:328,0
DA:331,0
DA:332,0
DA:333,0
DA:339,0
DA:347,1
DA:348,2
DA:350,2
DA:351,2
DA:352,0
DA:359,2
DA:360,1
DA:367,1
DA:378,1
DA:379,2
DA:380,2
DA:381,2
DA:382,0
DA:389,2
DA:390,1
DA:397,1
DA:408,1
DA:409,2
DA:410,2
DA:411,2
DA:412,0
DA:419,2
DA:420,1
DA:427,1
DA:438,1
DA:439,1
DA:440,1
DA:441,0
DA:448,1
DA:449,0
DA:456,1
DA:466,1
DA:468,5
DA:471,5
DA:472,5
DA:473,0
DA:478,5
DA:479,1
DA:485,4
DA:486,3
DA:492,1
DA:502,1
DA:504,0
DA:505,0
DA:509,0
DA:510,0
DA:511,0
DA:517,0
DA:518,0
DA:525,0
LF:151
LH:69
BRDA:11,0,0,0
BRDA:11,0,1,3
BRDA:19,1,0,0
BRDA:19,1,1,3
BRDA:41,2,0,0
BRDA:41,2,1,0
BRDA:49,3,0,0
BRDA:49,3,1,0
BRDA:74,4,0,0
BRDA:74,4,1,0
BRDA:82,5,0,0
BRDA:82,5,1,0
BRDA:90,6,0,0
BRDA:90,6,1,0
BRDA:113,7,0,0
BRDA:113,7,1,0
BRDA:122,8,0,0
BRDA:122,8,1,0
BRDA:143,9,0,0
BRDA:143,9,1,1
BRDA:151,10,0,0
BRDA:151,10,1,1
BRDA:173,11,0,0
BRDA:173,11,1,2
BRDA:181,12,0,1
BRDA:181,12,1,1
BRDA:207,13,0,0
BRDA:207,13,1,0
BRDA:216,14,0,0
BRDA:216,14,1,0
BRDA:238,15,0,0
BRDA:238,15,1,1
BRDA:246,16,0,0
BRDA:246,16,1,1
BRDA:272,17,0,0
BRDA:272,17,1,0
BRDA:290,18,0,0
BRDA:290,18,1,0
BRDA:298,19,0,0
BRDA:298,19,1,0
BRDA:332,20,0,0
BRDA:332,20,1,0
BRDA:351,21,0,0
BRDA:351,21,1,2
BRDA:359,22,0,1
BRDA:359,22,1,1
BRDA:381,23,0,0
BRDA:381,23,1,2
BRDA:389,24,0,1
BRDA:389,24,1,1
BRDA:411,25,0,0
BRDA:411,25,1,2
BRDA:419,26,0,1
BRDA:419,26,1,1
BRDA:440,27,0,0
BRDA:440,27,1,1
BRDA:448,28,0,0
BRDA:448,28,1,1
BRDA:472,29,0,0
BRDA:472,29,1,5
BRDA:478,30,0,1
BRDA:478,30,1,4
BRDA:485,31,0,3
BRDA:485,31,1,1
BRDA:510,32,0,0
BRDA:510,32,1,0
BRDA:517,33,0,0
BRDA:517,33,1,0
BRF:68
BRH:25
end_of_record
TN:
SF:middlewares\checkPermission.js
FN:3,(anonymous_0)
FN:4,(anonymous_1)
FN:6,(anonymous_2)
FN:21,(anonymous_3)
FNF:4
FNH:0
FNDA:0,(anonymous_0)
FNDA:0,(anonymous_1)
FNDA:0,(anonymous_2)
FNDA:0,(anonymous_3)
DA:1,1
DA:3,1
DA:4,0
DA:5,0
DA:6,0
DA:7,0
DA:8,0
DA:9,0
DA:11,0
DA:15,0
DA:16,0
DA:21,1
DA:22,0
DA:23,0
DA:24,0
DA:25,0
DA:26,0
DA:27,0
DA:28,0
DA:30,0
DA:32,0
LF:21
LH:3
BRDA:8,0,0,0
BRDA:8,0,1,0
BRF:2
BRH:0
end_of_record
TN:
SF:routes\auth.js
FNF:0
FNH:0
DA:1,1
DA:2,1
DA:3,1
DA:4,1
DA:5,1
DA:6,1
DA:7,1
DA:20,1
DA:21,1
DA:22,1
DA:23,1
DA:24,1
DA:25,1
DA:26,1
DA:27,1
DA:28,1
DA:29,1
DA:31,1
DA:32,1
DA:33,1
DA:59,1
LF:21
LH:21
BRF:0
BRH:0
end_of_record
TN:
SF:services\connect.js
FN:9,(anonymous_0)
FN:11,(anonymous_1)
FN:20,(anonymous_2)
FN:22,(anonymous_3)
FN:31,(anonymous_4)
FN:39,(anonymous_5)
FN:58,(anonymous_6)
FN:60,(anonymous_7)
FN:71,(anonymous_8)
FN:74,(anonymous_9)
FN:84,(anonymous_10)
FN:87,(anonymous_11)
FN:96,(anonymous_12)
FN:99,(anonymous_13)
FN:108,(anonymous_14)
FN:110,(anonymous_15)
FN:119,(anonymous_16)
FN:124,(anonymous_17)
FN:137,(anonymous_18)
FN:141,(anonymous_19)
FN:154,(anonymous_20)
FN:169,(anonymous_21)
FN:182,(anonymous_22)
FN:185,(anonymous_23)
FN:194,(anonymous_24)
FN:196,(anonymous_25)
FN:205,(anonymous_26)
FN:207,(anonymous_27)
FN:216,(anonymous_28)
FN:218,(anonymous_29)
FN:227,(anonymous_30)
FN:241,(anonymous_31)
FN:256,(anonymous_32)
FN:262,(anonymous_33)
FN:284,(anonymous_34)
FN:286,(anonymous_35)
FN:290,(anonymous_36)
FNF:37
FNH:18
FNDA:3,(anonymous_0)
FNDA:3,(anonymous_1)
FNDA:0,(anonymous_2)
FNDA:0,(anonymous_3)
FNDA:0,(anonymous_4)
FNDA:0,(anonymous_5)
FNDA:0,(anonymous_6)
FNDA:0,(anonymous_7)
FNDA:1,(anonymous_8)
FNDA:1,(anonymous_9)
FNDA:2,(anonymous_10)
FNDA:2,(anonymous_11)
FNDA:0,(anonymous_12)
FNDA:0,(anonymous_13)
FNDA:1,(anonymous_14)
FNDA:1,(anonymous_15)
FNDA:0,(anonymous_16)
FNDA:0,(anonymous_17)
FNDA:0,(anonymous_18)
FNDA:0,(anonymous_19)
FNDA:0,(anonymous_20)
FNDA:0,(anonymous_21)
FNDA:2,(anonymous_22)
FNDA:2,(anonymous_23)
FNDA:2,(anonymous_24)
FNDA:2,(anonymous_25)
FNDA:2,(anonymous_26)
FNDA:2,(anonymous_27)
FNDA:1,(anonymous_28)
FNDA:1,(anonymous_29)
FNDA:0,(anonymous_30)
FNDA:0,(anonymous_31)
FNDA:5,(anonymous_32)
FNDA:5,(anonymous_33)
FNDA:0,(anonymous_34)
FNDA:0,(anonymous_35)
FNDA:0,(anonymous_36)
DA:1,1
DA:2,1
DA:3,1
DA:4,1
DA:5,1
DA:7,1
DA:10,3
DA:11,3
DA:12,3
DA:13,0
DA:14,0
DA:16,3
DA:21,0
DA:22,0
DA:23,0
DA:24,0
DA:25,0
DA:27,0
DA:32,0
DA:33,0
DA:34,0
DA:35,0
DA:37,0
DA:39,0
DA:40,0
DA:41,0
DA:42,0
DA:44,0
DA:45,0
DA:47,0
DA:59,0
DA:60,0
DA:61,0
DA:62,0
DA:63,0
DA:65,0
DA:73,1
DA:74,1
DA:75,1
DA:76,0
DA:77,0
DA:79,1
DA:80,1
DA:86,2
DA:87,2
DA:88,2
DA:89,0
DA:90,0
DA:92,2
DA:97,0
DA:99,0
DA:100,0
DA:101,0
DA:102,0
DA:104,0
DA:109,1
DA:110,1
DA:111,1
DA:112,0
DA:113,0
DA:115,1
DA:122,0
DA:123,0
DA:124,0
DA:125,0
DA:126,0
DA:127,0
DA:129,0
DA:133,0
DA:134,0
DA:139,0
DA:140,0
DA:141,0
DA:142,0
DA:143,0
DA:144,0
DA:146,0
DA:150,0
DA:151,0
DA:155,0
DA:168,0
DA:169,0
DA:170,0
DA:171,0
DA:172,0
DA:174,0
DA:178,0
DA:179,0
DA:184,2
DA:185,2
DA:186,2
DA:187,0
DA:188,0
DA:190,2
DA:195,2
DA:196,2
DA:197,2
DA:198,0
DA:199,0
DA:201,2
DA:206,2
DA:207,2
DA:208,2
DA:209,0
DA:210,0
DA:212,2
DA:217,1
DA:218,1
DA:219,1
DA:220,0
DA:221,0
DA:223,1
DA:229,0
DA:231,0
DA:232,0
DA:234,0
DA:235,0
DA:236,0
DA:238,0
DA:241,0
DA:242,0
DA:243,0
DA:244,0
DA:246,0
DA:250,0
DA:251,0
DA:257,5
DA:258,5
DA:259,5
DA:260,5
DA:262,5
DA:263,5
DA:264,0
DA:266,5
DA:267,3
DA:269,2
DA:270,1
DA:271,1
DA:273,1
DA:276,1
DA:279,1
DA:285,0
DA:287,0
DA:288,0
DA:290,0
DA:291,0
DA:292,0
DA:293,0
DA:296,0
DA:297,0
DA:298,0
DA:301,0
DA:303,0
DA:304,0
DA:316,1
LF:155
LH:54
BRDA:12,0,0,0
BRDA:12,0,1,3
BRDA:23,1,0,0
BRDA:23,1,1,0
BRDA:34,2,0,0
BRDA:34,2,1,0
BRDA:40,3,0,0
BRDA:40,3,1,0
BRDA:44,4,0,0
BRDA:44,4,1,0
BRDA:61,5,0,0
BRDA:61,5,1,0
BRDA:75,6,0,0
BRDA:75,6,1,1
BRDA:88,7,0,0
BRDA:88,7,1,2
BRDA:100,8,0,0
BRDA:100,8,1,0
BRDA:111,9,0,0
BRDA:111,9,1,1
BRDA:125,10,0,0
BRDA:125,10,1,0
BRDA:142,11,0,0
BRDA:142,11,1,0
BRDA:170,12,0,0
BRDA:170,12,1,0
BRDA:186,13,0,0
BRDA:186,13,1,2
BRDA:197,14,0,0
BRDA:197,14,1,2
BRDA:208,15,0,0
BRDA:208,15,1,2
BRDA:219,16,0,0
BRDA:219,16,1,1
BRDA:234,17,0,0
BRDA:234,17,1,0
BRDA:242,18,0,0
BRDA:242,18,1,0
BRDA:263,19,0,0
BRDA:263,19,1,5
BRDA:266,20,0,3
BRDA:266,20,1,2
BRDA:266,21,0,5
BRDA:266,21,1,5
BRDA:266,21,2,5
BRDA:266,21,3,3
BRDA:269,22,0,1
BRDA:269,22,1,1
BRDA:291,23,0,0
BRDA:291,23,1,0
BRDA:296,24,0,0
BRDA:296,24,1,0
BRF:52
BRH:17
end_of_record
TN:
SF:services\db.js
FN:18,(anonymous_0)
FNF:1
FNH:1
FNDA:1,(anonymous_0)
DA:1,1
DA:2,1
DA:4,1
DA:5,1
DA:6,1
DA:7,1
DA:8,1
DA:10,1
DA:18,1
DA:19,1
DA:20,0
DA:22,0
DA:23,0
DA:25,1
DA:26,1
DA:30,1
LF:16
LH:13
BRDA:19,0,0,0
BRDA:19,0,1,1
BRF:2
BRH:1
end_of_record
TN:
SF:services\sendEmail.js
FN:3,(anonymous_0)
FNF:1
FNH:0
FNDA:0,(anonymous_0)
DA:1,1
DA:2,1
DA:3,1
DA:4,0
DA:5,0
DA:6,0
DA:22,0
DA:102,0
DA:104,0
LF:9
LH:3
BRF:0
BRH:0
end_of_record
